WARNING:tensorflow:From nmt/utils/iterator_utils.py:235: group_by_window (from tensorflow.contrib.data.python.ops.grouping) is deprecated and will be removed in a future version.
Instructions for updating:
Use `tf.data.experimental.group_by_window(...)`.
WARNING:tensorflow:From nmt/model_helper.py:402: __init__ (from tensorflow.python.ops.rnn_cell_impl) is deprecated and will be removed in a future version.
Instructions for updating:
This class is deprecated, please use tf.nn.rnn_cell.LSTMCell, which supports all the feature this cell currently has. Please replace the existing code with tf.nn.rnn_cell.LSTMCell(name='basic_lstm_cell').
2019-11-28 20:03:18.498831: I tensorflow/core/kernels/lookup_util.cc:376] Table trying to initialize from file tmp/iwslt15/vocab.vi is already initialized.
2019-11-28 20:03:18.498834: I tensorflow/core/kernels/lookup_util.cc:376] Table trying to initialize from file tmp/iwslt15/vocab.en is already initialized.
2019-11-28 20:03:18.498835: I tensorflow/core/kernels/lookup_util.cc:376] Table trying to initialize from file tmp/iwslt15/vocab.en is already initialized.
2019-11-28 20:07:00.925636: I tensorflow/core/kernels/lookup_util.cc:376] Table trying to initialize from file tmp/iwslt15/vocab.en is already initialized.
2019-11-28 20:07:00.925675: I tensorflow/core/kernels/lookup_util.cc:376] Table trying to initialize from file tmp/iwslt15/vocab.en is already initialized.
2019-11-28 20:07:00.925679: I tensorflow/core/kernels/lookup_util.cc:376] Table trying to initialize from file tmp/iwslt15/vocab.vi is already initialized.
2019-11-28 20:07:01.033075: I tensorflow/core/kernels/lookup_util.cc:376] Table trying to initialize from file tmp/iwslt15/vocab.vi is already initialized.
2019-11-28 20:07:01.033114: I tensorflow/core/kernels/lookup_util.cc:376] Table trying to initialize from file tmp/iwslt15/vocab.en is already initialized.
2019-11-28 20:07:01.033124: I tensorflow/core/kernels/lookup_util.cc:376] Table trying to initialize from file tmp/iwslt15/vocab.en is already initialized.
2019-11-28 20:10:42.593623: I tensorflow/core/kernels/lookup_util.cc:376] Table trying to initialize from file tmp/iwslt15/vocab.en is already initialized.
2019-11-28 20:10:42.593623: I tensorflow/core/kernels/lookup_util.cc:376] Table trying to initialize from file tmp/iwslt15/vocab.en is already initialized.
2019-11-28 20:10:42.593706: I tensorflow/core/kernels/lookup_util.cc:376] Table trying to initialize from file tmp/iwslt15/vocab.vi is already initialized.
2019-11-28 20:10:42.680546: I tensorflow/core/kernels/lookup_util.cc:376] Table trying to initialize from file tmp/iwslt15/vocab.en is already initialized.
2019-11-28 20:10:42.680555: I tensorflow/core/kernels/lookup_util.cc:376] Table trying to initialize from file tmp/iwslt15/vocab.en is already initialized.
2019-11-28 20:10:42.680696: I tensorflow/core/kernels/lookup_util.cc:376] Table trying to initialize from file tmp/iwslt15/vocab.vi is already initialized.
2019-11-28 20:11:05.937995: I tensorflow/core/kernels/lookup_util.cc:376] Table trying to initialize from file tmp/iwslt15/vocab.vi is already initialized.
2019-11-28 20:11:05.938066: I tensorflow/core/kernels/lookup_util.cc:376] Table trying to initialize from file tmp/iwslt15/vocab.en is already initialized.
2019-11-28 20:11:05.938041: I tensorflow/core/kernels/lookup_util.cc:376] Table trying to initialize from file tmp/iwslt15/vocab.en is already initialized.
2019-11-28 20:11:06.044549: I tensorflow/core/kernels/lookup_util.cc:376] Table trying to initialize from file tmp/iwslt15/vocab.vi is already initialized.
2019-11-28 20:11:06.044578: I tensorflow/core/kernels/lookup_util.cc:376] Table trying to initialize from file tmp/iwslt15/vocab.en is already initialized.
2019-11-28 20:11:06.044579: I tensorflow/core/kernels/lookup_util.cc:376] Table trying to initialize from file tmp/iwslt15/vocab.en is already initialized.
2019-11-28 20:15:00.319196: I tensorflow/core/kernels/lookup_util.cc:376] Table trying to initialize from file tmp/iwslt15/vocab.en is already initialized.
2019-11-28 20:15:00.319407: I tensorflow/core/kernels/lookup_util.cc:376] Table trying to initialize from file tmp/iwslt15/vocab.en is already initialized.
2019-11-28 20:15:00.319887: I tensorflow/core/kernels/lookup_util.cc:376] Table trying to initialize from file tmp/iwslt15/vocab.vi is already initialized.
2019-11-28 20:15:00.397679: I tensorflow/core/kernels/lookup_util.cc:376] Table trying to initialize from file tmp/iwslt15/vocab.en is already initialized.
2019-11-28 20:15:00.397713: I tensorflow/core/kernels/lookup_util.cc:376] Table trying to initialize from file tmp/iwslt15/vocab.en is already initialized.
2019-11-28 20:15:00.397714: I tensorflow/core/kernels/lookup_util.cc:376] Table trying to initialize from file tmp/iwslt15/vocab.vi is already initialized.
2019-11-28 20:18:42.599969: I tensorflow/core/kernels/lookup_util.cc:376] Table trying to initialize from file tmp/iwslt15/vocab.vi is already initialized.
2019-11-28 20:18:42.600221: I tensorflow/core/kernels/lookup_util.cc:376] Table trying to initialize from file tmp/iwslt15/vocab.en is already initialized.
2019-11-28 20:18:42.600371: I tensorflow/core/kernels/lookup_util.cc:376] Table trying to initialize from file tmp/iwslt15/vocab.en is already initialized.
2019-11-28 20:18:42.676080: I tensorflow/core/kernels/lookup_util.cc:376] Table trying to initialize from file tmp/iwslt15/vocab.en is already initialized.
2019-11-28 20:18:42.676100: I tensorflow/core/kernels/lookup_util.cc:376] Table trying to initialize from file tmp/iwslt15/vocab.en is already initialized.
2019-11-28 20:18:42.676220: I tensorflow/core/kernels/lookup_util.cc:376] Table trying to initialize from file tmp/iwslt15/vocab.vi is already initialized.
2019-11-28 20:19:23.954361: I tensorflow/core/kernels/lookup_util.cc:376] Table trying to initialize from file tmp/iwslt15/vocab.vi is already initialized.
2019-11-28 20:19:23.954409: I tensorflow/core/kernels/lookup_util.cc:376] Table trying to initialize from file tmp/iwslt15/vocab.en is already initialized.
2019-11-28 20:19:23.954410: I tensorflow/core/kernels/lookup_util.cc:376] Table trying to initialize from file tmp/iwslt15/vocab.en is already initialized.
2019-11-28 20:19:24.058709: I tensorflow/core/kernels/lookup_util.cc:376] Table trying to initialize from file tmp/iwslt15/vocab.en is already initialized.
2019-11-28 20:19:24.058725: I tensorflow/core/kernels/lookup_util.cc:376] Table trying to initialize from file tmp/iwslt15/vocab.vi is already initialized.
2019-11-28 20:19:24.058736: I tensorflow/core/kernels/lookup_util.cc:376] Table trying to initialize from file tmp/iwslt15/vocab.en is already initialized.
2019-11-28 20:23:00.822243: I tensorflow/core/kernels/lookup_util.cc:376] Table trying to initialize from file tmp/iwslt15/vocab.vi is already initialized.
2019-11-28 20:23:00.822250: I tensorflow/core/kernels/lookup_util.cc:376] Table trying to initialize from file tmp/iwslt15/vocab.en is already initialized.
2019-11-28 20:23:00.822257: I tensorflow/core/kernels/lookup_util.cc:376] Table trying to initialize from file tmp/iwslt15/vocab.en is already initialized.
2019-11-28 20:23:00.905321: I tensorflow/core/kernels/lookup_util.cc:376] Table trying to initialize from file tmp/iwslt15/vocab.en is already initialized.
2019-11-28 20:23:00.905467: I tensorflow/core/kernels/lookup_util.cc:376] Table trying to initialize from file tmp/iwslt15/vocab.vi is already initialized.
2019-11-28 20:23:00.905501: I tensorflow/core/kernels/lookup_util.cc:376] Table trying to initialize from file tmp/iwslt15/vocab.en is already initialized.
2019-11-28 20:23:06.926113: I tensorflow/core/kernels/lookup_util.cc:376] Table trying to initialize from file tmp/iwslt15/vocab.en is already initialized.
2019-11-28 20:23:06.926113: I tensorflow/core/kernels/lookup_util.cc:376] Table trying to initialize from file tmp/iwslt15/vocab.vi is already initialized.
2019-11-28 20:23:06.926114: I tensorflow/core/kernels/lookup_util.cc:376] Table trying to initialize from file tmp/iwslt15/vocab.en is already initialized.
2019-11-28 20:23:07.000223: I tensorflow/core/kernels/lookup_util.cc:376] Table trying to initialize from file tmp/iwslt15/vocab.en is already initialized.
2019-11-28 20:23:07.000290: I tensorflow/core/kernels/lookup_util.cc:376] Table trying to initialize from file tmp/iwslt15/vocab.en is already initialized.
2019-11-28 20:23:07.000308: I tensorflow/core/kernels/lookup_util.cc:376] Table trying to initialize from file tmp/iwslt15/vocab.vi is already initialized.
2019-11-28 20:26:54.892163: I tensorflow/core/kernels/lookup_util.cc:376] Table trying to initialize from file tmp/iwslt15/vocab.en is already initialized.
2019-11-28 20:26:54.892232: I tensorflow/core/kernels/lookup_util.cc:376] Table trying to initialize from file tmp/iwslt15/vocab.en is already initialized.
2019-11-28 20:26:54.892163: I tensorflow/core/kernels/lookup_util.cc:376] Table trying to initialize from file tmp/iwslt15/vocab.vi is already initialized.
2019-11-28 20:26:54.975551: I tensorflow/core/kernels/lookup_util.cc:376] Table trying to initialize from file tmp/iwslt15/vocab.en is already initialized.
2019-11-28 20:26:54.975559: I tensorflow/core/kernels/lookup_util.cc:376] Table trying to initialize from file tmp/iwslt15/vocab.vi is already initialized.
2019-11-28 20:26:54.975580: I tensorflow/core/kernels/lookup_util.cc:376] Table trying to initialize from file tmp/iwslt15/vocab.en is already initialized.
2019-11-28 20:27:55.092119: I tensorflow/core/kernels/lookup_util.cc:376] Table trying to initialize from file tmp/iwslt15/vocab.vi is already initialized.
2019-11-28 20:27:55.092141: I tensorflow/core/kernels/lookup_util.cc:376] Table trying to initialize from file tmp/iwslt15/vocab.en is already initialized.
2019-11-28 20:27:55.092201: I tensorflow/core/kernels/lookup_util.cc:376] Table trying to initialize from file tmp/iwslt15/vocab.en is already initialized.
2019-11-28 20:27:55.242051: I tensorflow/core/kernels/lookup_util.cc:376] Table trying to initialize from file tmp/iwslt15/vocab.en is already initialized.
2019-11-28 20:27:55.242070: I tensorflow/core/kernels/lookup_util.cc:376] Table trying to initialize from file tmp/iwslt15/vocab.vi is already initialized.
2019-11-28 20:27:55.242223: I tensorflow/core/kernels/lookup_util.cc:376] Table trying to initialize from file tmp/iwslt15/vocab.en is already initialized.
2019-11-28 20:31:12.439076: I tensorflow/core/kernels/lookup_util.cc:376] Table trying to initialize from file tmp/iwslt15/vocab.vi is already initialized.
2019-11-28 20:31:12.439106: I tensorflow/core/kernels/lookup_util.cc:376] Table trying to initialize from file tmp/iwslt15/vocab.en is already initialized.
2019-11-28 20:31:12.439347: I tensorflow/core/kernels/lookup_util.cc:376] Table trying to initialize from file tmp/iwslt15/vocab.en is already initialized.
2019-11-28 20:31:12.538100: I tensorflow/core/kernels/lookup_util.cc:376] Table trying to initialize from file tmp/iwslt15/vocab.en is already initialized.
2019-11-28 20:31:12.538209: I tensorflow/core/kernels/lookup_util.cc:376] Table trying to initialize from file tmp/iwslt15/vocab.vi is already initialized.
2019-11-28 20:31:12.538159: I tensorflow/core/kernels/lookup_util.cc:376] Table trying to initialize from file tmp/iwslt15/vocab.en is already initialized.
2019-11-28 20:34:54.898014: I tensorflow/core/kernels/lookup_util.cc:376] Table trying to initialize from file tmp/iwslt15/vocab.vi is already initialized.
2019-11-28 20:34:54.898058: I tensorflow/core/kernels/lookup_util.cc:376] Table trying to initialize from file tmp/iwslt15/vocab.en is already initialized.
2019-11-28 20:34:54.898135: I tensorflow/core/kernels/lookup_util.cc:376] Table trying to initialize from file tmp/iwslt15/vocab.en is already initialized.
2019-11-28 20:34:55.024239: I tensorflow/core/kernels/lookup_util.cc:376] Table trying to initialize from file tmp/iwslt15/vocab.vi is already initialized.
2019-11-28 20:34:55.024283: I tensorflow/core/kernels/lookup_util.cc:376] Table trying to initialize from file tmp/iwslt15/vocab.en is already initialized.
2019-11-28 20:34:55.024610: I tensorflow/core/kernels/lookup_util.cc:376] Table trying to initialize from file tmp/iwslt15/vocab.en is already initialized.
2019-11-28 20:36:13.453267: I tensorflow/core/kernels/lookup_util.cc:376] Table trying to initialize from file tmp/iwslt15/vocab.vi is already initialized.
2019-11-28 20:36:13.453303: I tensorflow/core/kernels/lookup_util.cc:376] Table trying to initialize from file tmp/iwslt15/vocab.en is already initialized.
2019-11-28 20:36:13.453317: I tensorflow/core/kernels/lookup_util.cc:376] Table trying to initialize from file tmp/iwslt15/vocab.en is already initialized.
2019-11-28 20:36:13.563644: I tensorflow/core/kernels/lookup_util.cc:376] Table trying to initialize from file tmp/iwslt15/vocab.vi is already initialized.
2019-11-28 20:36:13.563676: I tensorflow/core/kernels/lookup_util.cc:376] Table trying to initialize from file tmp/iwslt15/vocab.en is already initialized.
2019-11-28 20:36:13.563683: I tensorflow/core/kernels/lookup_util.cc:376] Table trying to initialize from file tmp/iwslt15/vocab.en is already initialized.
2019-11-28 20:39:12.214409: I tensorflow/core/kernels/lookup_util.cc:376] Table trying to initialize from file tmp/iwslt15/vocab.en is already initialized.
2019-11-28 20:39:12.214480: I tensorflow/core/kernels/lookup_util.cc:376] Table trying to initialize from file tmp/iwslt15/vocab.en is already initialized.
2019-11-28 20:39:12.214424: I tensorflow/core/kernels/lookup_util.cc:376] Table trying to initialize from file tmp/iwslt15/vocab.vi is already initialized.
2019-11-28 20:39:12.351669: I tensorflow/core/kernels/lookup_util.cc:376] Table trying to initialize from file tmp/iwslt15/vocab.en is already initialized.
2019-11-28 20:39:12.351677: I tensorflow/core/kernels/lookup_util.cc:376] Table trying to initialize from file tmp/iwslt15/vocab.vi is already initialized.
2019-11-28 20:39:12.351699: I tensorflow/core/kernels/lookup_util.cc:376] Table trying to initialize from file tmp/iwslt15/vocab.en is already initialized.
2019-11-28 20:42:55.648075: I tensorflow/core/kernels/lookup_util.cc:376] Table trying to initialize from file tmp/iwslt15/vocab.en is already initialized.
2019-11-28 20:42:55.648076: I tensorflow/core/kernels/lookup_util.cc:376] Table trying to initialize from file tmp/iwslt15/vocab.en is already initialized.
2019-11-28 20:42:55.648110: I tensorflow/core/kernels/lookup_util.cc:376] Table trying to initialize from file tmp/iwslt15/vocab.vi is already initialized.
2019-11-28 20:42:55.755161: I tensorflow/core/kernels/lookup_util.cc:376] Table trying to initialize from file tmp/iwslt15/vocab.en is already initialized.
2019-11-28 20:42:55.755165: I tensorflow/core/kernels/lookup_util.cc:376] Table trying to initialize from file tmp/iwslt15/vocab.en is already initialized.
2019-11-28 20:42:55.755189: I tensorflow/core/kernels/lookup_util.cc:376] Table trying to initialize from file tmp/iwslt15/vocab.vi is already initialized.
2019-11-28 20:43:01.689770: I tensorflow/core/kernels/lookup_util.cc:376] Table trying to initialize from file tmp/iwslt15/vocab.vi is already initialized.
2019-11-28 20:43:01.689837: I tensorflow/core/kernels/lookup_util.cc:376] Table trying to initialize from file tmp/iwslt15/vocab.en is already initialized.
2019-11-28 20:43:01.689844: I tensorflow/core/kernels/lookup_util.cc:376] Table trying to initialize from file tmp/iwslt15/vocab.en is already initialized.
2019-11-28 20:43:01.769468: I tensorflow/core/kernels/lookup_util.cc:376] Table trying to initialize from file tmp/iwslt15/vocab.en is already initialized.
2019-11-28 20:43:01.769532: I tensorflow/core/kernels/lookup_util.cc:376] Table trying to initialize from file tmp/iwslt15/vocab.vi is already initialized.
2019-11-28 20:43:01.769472: I tensorflow/core/kernels/lookup_util.cc:376] Table trying to initialize from file tmp/iwslt15/vocab.en is already initialized.
2019-11-28 20:43:19.988766: I tensorflow/core/kernels/lookup_util.cc:376] Table trying to initialize from file tmp/iwslt15/vocab.vi is already initialized.
2019-11-28 20:43:19.988783: I tensorflow/core/kernels/lookup_util.cc:376] Table trying to initialize from file tmp/iwslt15/vocab.en is already initialized.
2019-11-28 20:43:19.988796: I tensorflow/core/kernels/lookup_util.cc:376] Table trying to initialize from file tmp/iwslt15/vocab.en is already initialized.
2019-11-28 20:43:20.130093: I tensorflow/core/kernels/lookup_util.cc:376] Table trying to initialize from file tmp/iwslt15/vocab.vi is already initialized.
2019-11-28 20:43:20.130114: I tensorflow/core/kernels/lookup_util.cc:376] Table trying to initialize from file tmp/iwslt15/vocab.en is already initialized.
2019-11-28 20:43:20.130119: I tensorflow/core/kernels/lookup_util.cc:376] Table trying to initialize from file tmp/iwslt15/vocab.en is already initialized.
2019-11-28 20:43:25.560579: I tensorflow/core/kernels/lookup_util.cc:376] Table trying to initialize from file tmp/iwslt15/vocab.en is already initialized.
2019-11-28 20:43:25.560579: I tensorflow/core/kernels/lookup_util.cc:376] Table trying to initialize from file tmp/iwslt15/vocab.vi is already initialized.
2019-11-28 20:43:25.560618: I tensorflow/core/kernels/lookup_util.cc:376] Table trying to initialize from file tmp/iwslt15/vocab.en is already initialized.
2019-11-28 20:43:43.271829: I tensorflow/core/kernels/lookup_util.cc:376] Table trying to initialize from file tmp/iwslt15/vocab.en is already initialized.
2019-11-28 20:43:43.271829: I tensorflow/core/kernels/lookup_util.cc:376] Table trying to initialize from file tmp/iwslt15/vocab.vi is already initialized.
2019-11-28 20:43:43.271866: I tensorflow/core/kernels/lookup_util.cc:376] Table trying to initialize from file tmp/iwslt15/vocab.en is already initialized.
2019-11-28 20:43:43.355970: I tensorflow/core/kernels/lookup_util.cc:376] Table trying to initialize from file tmp/iwslt15/vocab.en is already initialized.
2019-11-28 20:43:43.356071: I tensorflow/core/kernels/lookup_util.cc:376] Table trying to initialize from file tmp/iwslt15/vocab.vi is already initialized.
2019-11-28 20:43:43.355970: I tensorflow/core/kernels/lookup_util.cc:376] Table trying to initialize from file tmp/iwslt15/vocab.en is already initialized.
2019-11-28 20:43:48.781460: I tensorflow/core/kernels/lookup_util.cc:376] Table trying to initialize from file tmp/iwslt15/vocab.vi is already initialized.
2019-11-28 20:43:48.781522: I tensorflow/core/kernels/lookup_util.cc:376] Table trying to initialize from file tmp/iwslt15/vocab.en is already initialized.
2019-11-28 20:43:48.781509: I tensorflow/core/kernels/lookup_util.cc:376] Table trying to initialize from file tmp/iwslt15/vocab.en is already initialized.
model_VI_s10000_l4_u32/translate.ckpt-3000, time 0.06s
  eval dev: perplexity 171.95, time 2s, Thu Nov 28 20:15:03 2019.
  eval test: perplexity 188.23, time 2s, Thu Nov 28 20:15:05 2019.
  step 3100 lr 1 step-time 0.22s wps 12.92K ppl 203.03 gN 3.81 bleu 0.00, Thu Nov 28 20:15:27 2019
  step 3200 lr 1 step-time 0.22s wps 12.98K ppl 199.23 gN 3.82 bleu 0.00, Thu Nov 28 20:15:49 2019
  step 3300 lr 1 step-time 0.21s wps 13.11K ppl 197.37 gN 3.92 bleu 0.00, Thu Nov 28 20:16:10 2019
  step 3400 lr 1 step-time 0.22s wps 13.12K ppl 194.27 gN 3.66 bleu 0.00, Thu Nov 28 20:16:32 2019
  step 3500 lr 1 step-time 0.21s wps 13.10K ppl 192.61 gN 3.75 bleu 0.00, Thu Nov 28 20:16:53 2019
  step 3600 lr 1 step-time 0.22s wps 13.11K ppl 190.78 gN 3.74 bleu 0.00, Thu Nov 28 20:17:14 2019
  step 3700 lr 1 step-time 0.22s wps 12.96K ppl 187.30 gN 3.71 bleu 0.00, Thu Nov 28 20:17:36 2019
  step 3800 lr 1 step-time 0.22s wps 13.03K ppl 183.72 gN 3.42 bleu 0.00, Thu Nov 28 20:17:58 2019
  step 3900 lr 1 step-time 0.22s wps 13.05K ppl 186.10 gN 3.65 bleu 0.00, Thu Nov 28 20:18:20 2019
  step 4000 lr 1 step-time 0.22s wps 13.11K ppl 180.27 gN 3.52 bleu 0.00, Thu Nov 28 20:18:42 2019
# Save eval, global step 4000
  loaded infer model parameters from tmp/nmt_attention_model_VI_s10000_l4_u32/translate.ckpt-4000, time 0.06s
  # 572
    src: Walmart thời nay đưa cho bạn tới 100.000 sản phẩm
    ref: The typical Walmart today offers you 100,000 products .
    nmt: And I have the <unk> .
  loaded eval model parameters from tmp/nmt_attention_model_VI_s10000_l4_u32/translate.ckpt-4000, time 0.05s
  eval dev: perplexity 174.59, time 2s, Thu Nov 28 20:18:45 2019.
  eval test: perplexity 191.74, time 2s, Thu Nov 28 20:18:48 2019.
  step 4100 lr 1 step-time 0.21s wps 13.05K ppl 177.22 gN 3.49 bleu 0.00, Thu Nov 28 20:19:09 2019
# Finished an epoch, step 4170. Perform external evaluation
  loaded infer model parameters from tmp/nmt_attention_model_VI_s10000_l4_u32/translate.ckpt-4000, time 0.05s
  # 397
    src: và đợt trưng cầu dân ý này sẽ đưa ra kiến nghị để có tiền để thi hành và đảm bảo tính công bằng của luật pháp .
    ref: And this referendum would propose having those dollars go to law enforcement and safety .
    nmt: And I have the <unk> , and the <unk> , the <unk> , and the <unk> , the <unk> , and it <unk> the <unk> , and it <unk> the <unk> , and it <unk> the <unk> , and it <unk> the <unk> , and it <unk> the <unk> , and it <unk> the <unk> ,
  loaded infer model parameters from tmp/nmt_attention_model_VI_s10000_l4_u32/translate.ckpt-4000, time 0.05s
# External evaluation, global step 4000
  decoding to output tmp/nmt_attention_model_VI_s10000_l4_u32/output_dev
  done, num sentences 1553, num translations per input 1, time 15s, Thu Nov 28 20:19:39 2019.
  bleu dev: 0.0
  saving hparams to tmp/nmt_attention_model_VI_s10000_l4_u32/hparams
# External evaluation, global step 4000
  decoding to output tmp/nmt_attention_model_VI_s10000_l4_u32/output_test
  done, num sentences 1268, num translations per input 1, time 14s, Thu Nov 28 20:19:54 2019.
  bleu test: 0.0
  saving hparams to tmp/nmt_attention_model_VI_s10000_l4_u32/hparams
  step 4200 lr 1 step-time 0.25s wps 10.63K ppl 179.93 gN 3.91 bleu 0.00, Thu Nov 28 20:20:05 2019
  step 4300 lr 1 step-time 0.22s wps 12.50K ppl 167.30 gN 3.43 bleu 0.00, Thu Nov 28 20:20:28 2019
  step 4400 lr 1 step-time 0.22s wps 12.89K ppl 169.00 gN 3.51 bleu 0.00, Thu Nov 28 20:20:49 2019
  step 4500 lr 1 step-time 0.21s wps 12.90K ppl 167.70 gN 3.60 bleu 0.00, Thu Nov 28 20:21:11 2019
  step 4600 lr 1 step-time 0.22s wps 12.92K ppl 169.14 gN 3.94 bleu 0.00, Thu Nov 28 20:21:33 2019
  step 4700 lr 1 step-time 0.22s wps 12.94K ppl 169.56 gN 3.70 bleu 0.00, Thu Nov 28 20:21:54 2019
  step 4800 lr 1 step-time 0.22s wps 12.97K ppl 165.99 gN 3.60 bleu 0.00, Thu Nov 28 20:22:16 2019
  step 4900 lr 1 step-time 0.22s wps 12.88K ppl 163.53 gN 3.48 bleu 0.00, Thu Nov 28 20:22:38 2019
  step 5000 lr 1 step-time 0.22s wps 12.97K ppl 163.13 gN 3.62 bleu 0.00, Thu Nov 28 20:23:00 2019
# Save eval, global step 5000
  loaded infer model parameters from tmp/nmt_attention_model_VI_s10000_l4_u32/translate.ckpt-5000, time 0.06s
  # 1272
    src: Mọi người giúp đỡ lẫn nhau , nhưng chính phủ đóng vai trò cốt lõi ở đây .
    ref: So one citizen helped another citizen , but government played a key role here .
    nmt: So I &apos;re going to be a very <unk> .
  loaded eval model parameters from tmp/nmt_attention_model_VI_s10000_l4_u32/translate.ckpt-5000, time 0.06s
  eval dev: perplexity 123.81, time 2s, Thu Nov 28 20:23:03 2019.
  eval test: perplexity 141.48, time 2s, Thu Nov 28 20:23:06 2019.
  loaded infer model parameters from tmp/nmt_attention_model_VI_s10000_l4_u32/translate.ckpt-5000, time 0.06s
  # 883
    src: Đây là biểu đồ mô tả điều đó .
    ref: This is a chart of what it looked like .
    nmt: We &apos;re going to be a very .
  loaded infer model parameters from tmp/nmt_attention_model_VI_s10000_l4_u32/translate.ckpt-5000, time 0.05s
# External evaluation, global step 5000
  decoding to output tmp/nmt_attention_model_VI_s10000_l4_u32/output_dev
  done, num sentences 1553, num translations per input 1, time 5s, Thu Nov 28 20:23:12 2019.
  bleu dev: 0.6
  saving hparams to tmp/nmt_attention_model_VI_s10000_l4_u32/hparams
# External evaluation, global step 5000
  decoding to output tmp/nmt_attention_model_VI_s10000_l4_u32/output_test
  done, num sentences 1268, num translations per input 1, time 4s, Thu Nov 28 20:23:17 2019.
  bleu test: 0.0
  saving hparams to tmp/nmt_attention_model_VI_s10000_l4_u32/hparams
  step 5100 lr 1 step-time 0.22s wps 13.02K ppl 159.97 gN 3.58 bleu 0.57, Thu Nov 28 20:23:39 2019
  step 5200 lr 1 step-time 0.22s wps 12.92K ppl 162.36 gN 3.77 bleu 0.57, Thu Nov 28 20:24:01 2019
  step 5300 lr 1 step-time 0.22s wps 13.00K ppl 162.11 gN 3.66 bleu 0.57, Thu Nov 28 20:24:22 2019
  step 5400 lr 1 step-time 0.22s wps 12.99K ppl 166.71 gN 3.81 bleu 0.57, Thu Nov 28 20:24:44 2019
  step 5500 lr 1 step-time 0.22s wps 13.04K ppl 166.59 gN 3.69 bleu 0.57, Thu Nov 28 20:25:06 2019
  step 5600 lr 1 step-time 0.22s wps 13.06K ppl 159.60 gN 3.52 bleu 0.57, Thu Nov 28 20:25:28 2019
  step 5700 lr 1 step-time 0.21s wps 13.06K ppl 158.54 gN 3.70 bleu 0.57, Thu Nov 28 20:25:49 2019
  step 5800 lr 1 step-time 0.22s wps 13.17K ppl 160.10 gN 3.57 bleu 0.57, Thu Nov 28 20:26:11 2019
  step 5900 lr 1 step-time 0.22s wps 13.09K ppl 159.79 gN 3.57 bleu 0.57, Thu Nov 28 20:26:32 2019
  step 6000 lr 1 step-time 0.21s wps 13.03K ppl 158.54 gN 3.93 bleu 0.57, Thu Nov 28 20:26:54 2019
# Save eval, global step 6000
  loaded infer model parameters from tmp/nmt_attention_model_VI_s10000_l4_u32/translate.ckpt-6000, time 0.06s
  # 659
    src: Ai mà chẳng yêu bóng chày , có phải không ?
    ref: We all love baseball , don &apos;t we ?
    nmt: <unk> , <unk> , <unk> , <unk> , <unk> , <unk> , <unk> , <unk> , <unk> , <unk> , <unk> ,
  loaded eval model parameters from tmp/nmt_attention_model_VI_s10000_l4_u32/translate.ckpt-6000, time 0.05s
  eval dev: perplexity 162.88, time 2s, Thu Nov 28 20:26:57 2019.
  eval test: perplexity 177.21, time 2s, Thu Nov 28 20:27:00 2019.
  step 6100 lr 1 step-time 0.22s wps 12.99K ppl 155.98 gN 3.70 bleu 0.57, Thu Nov 28 20:27:22 2019
  step 6200 lr 1 step-time 0.21s wps 13.10K ppl 152.94 gN 3.59 bleu 0.57, Thu Nov 28 20:27:43 2019
# Finished an epoch, step 6255. Perform external evaluation
  loaded infer model parameters from tmp/nmt_attention_model_VI_s10000_l4_u32/translate.ckpt-6000, time 0.05s
  # 490
    src: Ví dụ , câu chuyện dã sử mà vài người đã kể về vị Thuyền Trưởng nào đó quan sát thấy rất nhiều loại cá ở vùng này không thể ăn được hoặc không thường được tận dụng bởi những nhà khoa học chuyên về đánh bắt cá vì nó chẳng mang tính khoa học tẹo nào
    ref: For example , the anecdote that some present , as Captain so-and-so observed lots of fish in this area cannot be used or is usually not utilized by fishery scientists , because it &apos;s not &quot; scientific . &quot;
    nmt: The <unk> , the <unk> , the <unk> , and the <unk> , and the <unk> , and the <unk> , and the <unk> , and the <unk> , and the <unk> , and the <unk> , and the <unk> , and the <unk> , and the <unk> , and the <unk> , and the <unk> , and the <unk> , and the <unk> , and the <unk> , and the <unk> , and the <unk> , and the <unk> , and the <unk> , and the <unk> , and the <unk> , and the <unk> , and the <unk> , and the <unk> , and the <unk> , and the <unk> , and
  loaded infer model parameters from tmp/nmt_attention_model_VI_s10000_l4_u32/translate.ckpt-6000, time 0.05s
# External evaluation, global step 6000
  decoding to output tmp/nmt_attention_model_VI_s10000_l4_u32/output_dev
  done, num sentences 1553, num translations per input 1, time 14s, Thu Nov 28 20:28:10 2019.
  bleu dev: 0.0
  saving hparams to tmp/nmt_attention_model_VI_s10000_l4_u32/hparams
# External evaluation, global step 6000
  decoding to output tmp/nmt_attention_model_VI_s10000_l4_u32/output_test
  done, num sentences 1268, num translations per input 1, time 14s, Thu Nov 28 20:28:25 2019.
  bleu test: 0.0
  saving hparams to tmp/nmt_attention_model_VI_s10000_l4_u32/hparams
  step 6300 lr 1 step-time 0.25s wps 10.68K ppl 152.66 gN 3.97 bleu 0.57, Thu Nov 28 20:28:40 2019
  step 6400 lr 1 step-time 0.22s wps 12.75K ppl 148.92 gN 3.54 bleu 0.57, Thu Nov 28 20:29:02 2019
  step 6500 lr 1 step-time 0.22s wps 12.93K ppl 146.86 gN 3.46 bleu 0.57, Thu Nov 28 20:29:23 2019
  step 6600 lr 1 step-time 0.21s wps 13.25K ppl 146.31 gN 3.63 bleu 0.57, Thu Nov 28 20:29:44 2019
  step 6700 lr 1 step-time 0.22s wps 13.11K ppl 148.80 gN 3.77 bleu 0.57, Thu Nov 28 20:30:06 2019
  step 6800 lr 1 step-time 0.22s wps 12.90K ppl 145.81 gN 3.53 bleu 0.57, Thu Nov 28 20:30:28 2019
  step 6900 lr 1 step-time 0.22s wps 12.90K ppl 146.74 gN 3.56 bleu 0.57, Thu Nov 28 20:30:50 2019
  step 7000 lr 1 step-time 0.22s wps 13.01K ppl 146.06 gN 3.35 bleu 0.57, Thu Nov 28 20:31:11 2019
# Save eval, global step 7000
  loaded infer model parameters from tmp/nmt_attention_model_VI_s10000_l4_u32/translate.ckpt-7000, time 0.06s
  # 257
    src: chúng ta đã khó khăn lắm khi nói về vấn đề chủng tộc tôi tin chắc đó là vì chúng ta không sẵn sàng thừa nhận chân lý và hoà giải
    ref: We have a hard time talking about race , and I believe it &apos;s because we are unwilling to commit ourselves to a process of truth and reconciliation .
    nmt: It &apos;s a <unk> of a <unk> of a <unk> of a <unk> of a <unk> of a <unk> of the <unk> .
  loaded eval model parameters from tmp/nmt_attention_model_VI_s10000_l4_u32/translate.ckpt-7000, time 0.06s
  eval dev: perplexity 117.19, time 2s, Thu Nov 28 20:31:15 2019.
  eval test: perplexity 136.44, time 2s, Thu Nov 28 20:31:17 2019.
  step 7100 lr 1 step-time 0.22s wps 12.90K ppl 145.71 gN 3.65 bleu 0.57, Thu Nov 28 20:31:39 2019
  step 7200 lr 1 step-time 0.22s wps 13.08K ppl 146.06 gN 3.66 bleu 0.57, Thu Nov 28 20:32:01 2019
  step 7300 lr 1 step-time 0.21s wps 12.99K ppl 148.25 gN 3.62 bleu 0.57, Thu Nov 28 20:32:22 2019
  step 7400 lr 1 step-time 0.22s wps 13.11K ppl 149.61 gN 3.64 bleu 0.57, Thu Nov 28 20:32:44 2019
  step 7500 lr 1 step-time 0.22s wps 12.99K ppl 144.13 gN 3.42 bleu 0.57, Thu Nov 28 20:33:06 2019
  step 7600 lr 1 step-time 0.22s wps 12.97K ppl 144.33 gN 3.82 bleu 0.57, Thu Nov 28 20:33:27 2019
  step 7700 lr 1 step-time 0.22s wps 13.06K ppl 145.29 gN 3.53 bleu 0.57, Thu Nov 28 20:33:49 2019
  step 7800 lr 1 step-time 0.21s wps 13.00K ppl 143.46 gN 3.41 bleu 0.57, Thu Nov 28 20:34:11 2019
  step 7900 lr 1 step-time 0.22s wps 13.11K ppl 144.03 gN 3.50 bleu 0.57, Thu Nov 28 20:34:32 2019
  step 8000 lr 1 step-time 0.22s wps 13.07K ppl 144.95 gN 3.61 bleu 0.57, Thu Nov 28 20:34:54 2019
# Save eval, global step 8000
  loaded infer model parameters from tmp/nmt_attention_model_VI_s10000_l4_u32/translate.ckpt-8000, time 0.07s
  # 1488
    src: Đây chính là một ví dụ về cách mà chính phủ của chúng ta đang sử dụng công nghệ để chống lại chúng ta , những công dân của đất nước .
    ref: And this is an example of the ways that our own governments are using technology against us , the citizens .
    nmt: So I &apos;ve got a lot of , the first time , that I &apos;ve got , you &apos;ve got a lot of <unk> , the other , it &apos;s a lot of <unk> , the other , the <unk> , the <unk> , the <unk> , the <unk> , the <unk> , the <unk> , the <unk> , the <unk> , the <unk>
  loaded eval model parameters from tmp/nmt_attention_model_VI_s10000_l4_u32/translate.ckpt-8000, time 0.06s
  eval dev: perplexity 144.18, time 2s, Thu Nov 28 20:34:57 2019.
  eval test: perplexity 165.75, time 2s, Thu Nov 28 20:35:00 2019.
  step 8100 lr 1 step-time 0.22s wps 12.97K ppl 144.04 gN 3.60 bleu 0.57, Thu Nov 28 20:35:22 2019
  step 8200 lr 1 step-time 0.21s wps 13.11K ppl 141.60 gN 3.41 bleu 0.57, Thu Nov 28 20:35:43 2019
  step 8300 lr 1 step-time 0.22s wps 13.06K ppl 144.27 gN 3.70 bleu 0.57, Thu Nov 28 20:36:05 2019
# Finished an epoch, step 8340. Perform external evaluation
  loaded infer model parameters from tmp/nmt_attention_model_VI_s10000_l4_u32/translate.ckpt-8000, time 0.06s
  # 432
    src: Tôi đến đó vì TÔi đã lớn lên ở Châu Âu và đã mong muốn rằng sau này sẽ được làm việc tại Châu Phi
    ref: I was there because I grew up in Europe and I wanted later to work in Africa .
    nmt: I &apos;ve got a lot of <unk> , the first thing , I &apos;ve got a lot of <unk> , the other , it &apos;s a very bit , the other , the <unk> , the <unk> , the <unk> , the <unk> , the <unk> , the <unk> ,
  loaded infer model parameters from tmp/nmt_attention_model_VI_s10000_l4_u32/translate.ckpt-8000, time 0.06s
# External evaluation, global step 8000
  decoding to output tmp/nmt_attention_model_VI_s10000_l4_u32/output_dev
  done, num sentences 1553, num translations per input 1, time 15s, Thu Nov 28 20:36:28 2019.
  bleu dev: 0.1
  saving hparams to tmp/nmt_attention_model_VI_s10000_l4_u32/hparams
# External evaluation, global step 8000
  decoding to output tmp/nmt_attention_model_VI_s10000_l4_u32/output_test
  done, num sentences 1268, num translations per input 1, time 15s, Thu Nov 28 20:36:44 2019.
  bleu test: 0.1
  saving hparams to tmp/nmt_attention_model_VI_s10000_l4_u32/hparams
  step 8400 lr 1 step-time 0.25s wps 10.57K ppl 138.67 gN 3.84 bleu 0.57, Thu Nov 28 20:37:02 2019
  step 8500 lr 1 step-time 0.21s wps 12.72K ppl 132.65 gN 3.31 bleu 0.57, Thu Nov 28 20:37:23 2019
  step 8600 lr 1 step-time 0.22s wps 13.08K ppl 135.88 gN 3.58 bleu 0.57, Thu Nov 28 20:37:45 2019
  step 8700 lr 1 step-time 0.21s wps 13.02K ppl 134.63 gN 3.46 bleu 0.57, Thu Nov 28 20:38:06 2019
  step 8800 lr 1 step-time 0.21s wps 13.00K ppl 132.61 gN 3.49 bleu 0.57, Thu Nov 28 20:38:28 2019
  step 8900 lr 1 step-time 0.22s wps 12.92K ppl 135.02 gN 3.53 bleu 0.57, Thu Nov 28 20:38:50 2019
  step 9000 lr 1 step-time 0.22s wps 13.03K ppl 138.30 gN 3.90 bleu 0.57, Thu Nov 28 20:39:11 2019
# Save eval, global step 9000
  loaded infer model parameters from tmp/nmt_attention_model_VI_s10000_l4_u32/translate.ckpt-9000, time 0.07s
  # 683
    src: Các bạn nghĩ chỉ số &apos; đập bóng &apos; cho một bác sĩ phẫu thuật tim , một y tá hay là bác sĩ phẫu thuật chỉnh hình , một bác sĩ phụ sản , một y sĩ là bao nhiêu ?
    ref: What do you think a batting average for a cardiac surgeon or a nurse practitioner or an orthopedic surgeon , an OBGYN , a paramedic is supposed to be ?
    nmt: He &apos;s a lot of <unk> , and I can see that you can be going to be to be a lot of <unk> , and we &apos;re going to be to be going to be to be going to be to be going to be to be going to be to be going to be to be going to be to be going to be to be going to be to be going to be to be going to be to be going
  loaded eval model parameters from tmp/nmt_attention_model_VI_s10000_l4_u32/translate.ckpt-9000, time 0.06s
  eval dev: perplexity 104.70, time 2s, Thu Nov 28 20:39:15 2019.
  eval test: perplexity 121.49, time 2s, Thu Nov 28 20:39:17 2019.
  step 9100 lr 1 step-time 0.22s wps 12.91K ppl 136.07 gN 3.66 bleu 0.57, Thu Nov 28 20:39:39 2019
  step 9200 lr 1 step-time 0.22s wps 12.95K ppl 134.18 gN 3.60 bleu 0.57, Thu Nov 28 20:40:01 2019
  step 9300 lr 1 step-time 0.22s wps 13.00K ppl 134.59 gN 3.69 bleu 0.57, Thu Nov 28 20:40:22 2019
  step 9400 lr 1 step-time 0.22s wps 12.85K ppl 137.15 gN 3.84 bleu 0.57, Thu Nov 28 20:40:44 2019
  step 9500 lr 1 step-time 0.22s wps 13.05K ppl 138.23 gN 3.68 bleu 0.57, Thu Nov 28 20:41:06 2019
  step 9600 lr 1 step-time 0.22s wps 13.00K ppl 135.38 gN 3.59 bleu 0.57, Thu Nov 28 20:41:28 2019
  step 9700 lr 1 step-time 0.22s wps 12.96K ppl 129.03 gN 3.46 bleu 0.57, Thu Nov 28 20:41:50 2019
  step 9800 lr 1 step-time 0.22s wps 13.05K ppl 136.32 gN 3.69 bleu 0.57, Thu Nov 28 20:42:11 2019
  step 9900 lr 1 step-time 0.22s wps 13.08K ppl 135.33 gN 3.71 bleu 0.57, Thu Nov 28 20:42:33 2019
  step 10000 lr 1 step-time 0.22s wps 13.05K ppl 132.61 gN 3.75 bleu 0.57, Thu Nov 28 20:42:55 2019
# Save eval, global step 10000
  loaded infer model parameters from tmp/nmt_attention_model_VI_s10000_l4_u32/translate.ckpt-10000, time 0.06s
  # 1111
    src: Nhưng chúng ta đang lấy một thứ rất phức tạp , biến nó thành những tiếng , một dãy các loại tiếng , và hình thành nên trong não mọi người một suy nghĩ phức tạp .
    ref: But we &apos;re taking something very complicated , turning it into sound , sequences of sounds , and producing something very complicated in your brain .
    nmt: We &apos;re going to be a lot of people , and the world &apos;s <unk> , and the world &apos;s <unk> , and we &apos;re going to be a lot of the world .
  loaded eval model parameters from tmp/nmt_attention_model_VI_s10000_l4_u32/translate.ckpt-10000, time 0.06s
  eval dev: perplexity 98.56, time 2s, Thu Nov 28 20:42:58 2019.
  eval test: perplexity 113.21, time 2s, Thu Nov 28 20:43:01 2019.
  loaded infer model parameters from tmp/nmt_attention_model_VI_s10000_l4_u32/translate.ckpt-10000, time 0.07s
  # 310
    src: cố gắng làm được việc gì đó về án tử hình ,
    ref: We &apos;re trying to do something about the death penalty .
    nmt: The thing we &apos;re going to be a lot .
  loaded infer model parameters from tmp/nmt_attention_model_VI_s10000_l4_u32/translate.ckpt-10000, time 0.06s
# External evaluation, global step 10000
  decoding to output tmp/nmt_attention_model_VI_s10000_l4_u32/output_dev
  done, num sentences 1553, num translations per input 1, time 8s, Thu Nov 28 20:43:10 2019.
  bleu dev: 1.2
  saving hparams to tmp/nmt_attention_model_VI_s10000_l4_u32/hparams
# External evaluation, global step 10000
  decoding to output tmp/nmt_attention_model_VI_s10000_l4_u32/output_test
  done, num sentences 1268, num translations per input 1, time 8s, Thu Nov 28 20:43:19 2019.
  bleu test: 1.1
  saving hparams to tmp/nmt_attention_model_VI_s10000_l4_u32/hparams
  loaded infer model parameters from tmp/nmt_attention_model_VI_s10000_l4_u32/translate.ckpt-10000, time 0.08s
  # 1405
    src: Nên bằng cách kết hợp màu sắc , độ tương phản và ánh sáng tại các viền ranh giới giữa các bức ảnh khác nhau , thêm vào các khuyết tật ảnh như chiều sâu của cánh đồng , khử đi màu sắc và bụi ảnh , chúng tôi xoá đi các đường viền giữa ở bức ảnh khác nhau và làm cho nó như thể là một bức đồng nhất. bất chấp một thực tế bức ảnh về cơ bản có thể bao gồm cả trăm lớp nền .
    ref: So by matching color , contrast and brightness in the borders between the different images , adding photographic defects like depth of field , desaturated colors and noise , we erase the borders between the different images and make it look like one single image , despite the fact that one image can contain hundreds of layers basically .
    nmt: So , the first thing , the first thing , the world , and the world , and the world , and we &apos;ve been a lot of people , and we &apos;ve been able to be a lot of people , and we &apos;ve been able to be a lot of people , and we &apos;re going to be a lot of people , and we &apos;re going to be a lot of <unk> .
  loaded eval model parameters from tmp/nmt_attention_model_VI_s10000_l4_u32/translate.ckpt-10000, time 0.06s
  eval dev: perplexity 98.56, time 2s, Thu Nov 28 20:43:22 2019.
  eval test: perplexity 113.21, time 2s, Thu Nov 28 20:43:25 2019.
  loaded infer model parameters from tmp/nmt_attention_model_VI_s10000_l4_u32/translate.ckpt-10000, time 0.06s
# External evaluation, global step 10000
  decoding to output tmp/nmt_attention_model_VI_s10000_l4_u32/output_dev
  done, num sentences 1553, num translations per input 1, time 8s, Thu Nov 28 20:43:33 2019.
  bleu dev: 1.2
  saving hparams to tmp/nmt_attention_model_VI_s10000_l4_u32/hparams
# External evaluation, global step 10000
  decoding to output tmp/nmt_attention_model_VI_s10000_l4_u32/output_test
  done, num sentences 1268, num translations per input 1, time 8s, Thu Nov 28 20:43:42 2019.
  bleu test: 1.1
  saving hparams to tmp/nmt_attention_model_VI_s10000_l4_u32/hparams
# Final, step 10000 lr 1 step-time 0.22s wps 13.05K ppl 132.61 gN 3.75 dev ppl 98.56, dev bleu 1.2, test ppl 113.21, test bleu 1.1, Thu Nov 28 20:43:43 2019
# Done training!, time 2424s, Thu Nov 28 20:43:43 2019.
# Start evaluating saved best models.
  loaded infer model parameters from tmp/nmt_attention_model_VI_s10000_l4_u32/best_bleu/translate.ckpt-10000, time 0.08s
  # 1227
    src: Điều đó thật quan trọng .
    ref: And that &apos;s important .
    nmt: That &apos;s a lot .
  loaded eval model parameters from tmp/nmt_attention_model_VI_s10000_l4_u32/best_bleu/translate.ckpt-10000, time 0.07s
  eval dev: perplexity 98.56, time 2s, Thu Nov 28 20:43:46 2019.
  eval test: perplexity 113.21, time 2s, Thu Nov 28 20:43:48 2019.
  loaded infer model parameters from tmp/nmt_attention_model_VI_s10000_l4_u32/best_bleu/translate.ckpt-10000, time 0.06s
# External evaluation, global step 10000
  decoding to output tmp/nmt_attention_model_VI_s10000_l4_u32/output_dev
  done, num sentences 1553, num translations per input 1, time 8s, Thu Nov 28 20:43:57 2019.
  bleu dev: 1.2
  saving hparams to tmp/nmt_attention_model_VI_s10000_l4_u32/hparams
# External evaluation, global step 10000
  decoding to output tmp/nmt_attention_model_VI_s10000_l4_u32/output_test
  done, num sentences 1268, num translations per input 1, time 8s, Thu Nov 28 20:44:05 2019.
  bleu test: 1.1
  saving hparams to tmp/nmt_attention_model_VI_s10000_l4_u32/hparams
# Best bleu, step 10000 lr 1 step-time 0.22s wps 13.05K ppl 132.61 gN 3.75 dev ppl 98.56, dev bleu 1.2, test ppl 113.21, test bleu 1.1, Thu Nov 28 20:44:06 2019
