WARNING:tensorflow:From nmt/utils/iterator_utils.py:235: group_by_window (from tensorflow.contrib.data.python.ops.grouping) is deprecated and will be removed in a future version.
Instructions for updating:
Use `tf.data.experimental.group_by_window(...)`.
WARNING:tensorflow:From nmt/model_helper.py:402: __init__ (from tensorflow.python.ops.rnn_cell_impl) is deprecated and will be removed in a future version.
Instructions for updating:
This class is deprecated, please use tf.nn.rnn_cell.LSTMCell, which supports all the feature this cell currently has. Please replace the existing code with tf.nn.rnn_cell.LSTMCell(name='basic_lstm_cell').
2019-11-28 19:19:41.959743: I tensorflow/core/kernels/lookup_util.cc:376] Table trying to initialize from file tmp/iwslt15/vocab.en is already initialized.
2019-11-28 19:19:41.959744: I tensorflow/core/kernels/lookup_util.cc:376] Table trying to initialize from file tmp/iwslt15/vocab.vi is already initialized.
2019-11-28 19:19:41.959752: I tensorflow/core/kernels/lookup_util.cc:376] Table trying to initialize from file tmp/iwslt15/vocab.en is already initialized.
2019-11-28 19:28:02.677730: I tensorflow/core/kernels/lookup_util.cc:376] Table trying to initialize from file tmp/iwslt15/vocab.vi is already initialized.
2019-11-28 19:28:02.677835: I tensorflow/core/kernels/lookup_util.cc:376] Table trying to initialize from file tmp/iwslt15/vocab.en is already initialized.
2019-11-28 19:28:02.677839: I tensorflow/core/kernels/lookup_util.cc:376] Table trying to initialize from file tmp/iwslt15/vocab.en is already initialized.
2019-11-28 19:28:02.859648: I tensorflow/core/kernels/lookup_util.cc:376] Table trying to initialize from file tmp/iwslt15/vocab.en is already initialized.
2019-11-28 19:28:02.859648: I tensorflow/core/kernels/lookup_util.cc:376] Table trying to initialize from file tmp/iwslt15/vocab.en is already initialized.
2019-11-28 19:28:02.859757: I tensorflow/core/kernels/lookup_util.cc:376] Table trying to initialize from file tmp/iwslt15/vocab.vi is already initialized.
2019-11-28 19:35:55.948589: I tensorflow/core/kernels/lookup_util.cc:376] Table trying to initialize from file tmp/iwslt15/vocab.vi is already initialized.
2019-11-28 19:35:55.948593: I tensorflow/core/kernels/lookup_util.cc:376] Table trying to initialize from file tmp/iwslt15/vocab.en is already initialized.
2019-11-28 19:35:55.948593: I tensorflow/core/kernels/lookup_util.cc:376] Table trying to initialize from file tmp/iwslt15/vocab.en is already initialized.
2019-11-28 19:35:56.123377: I tensorflow/core/kernels/lookup_util.cc:376] Table trying to initialize from file tmp/iwslt15/vocab.vi is already initialized.
2019-11-28 19:35:56.123498: I tensorflow/core/kernels/lookup_util.cc:376] Table trying to initialize from file tmp/iwslt15/vocab.en is already initialized.
2019-11-28 19:35:56.123498: I tensorflow/core/kernels/lookup_util.cc:376] Table trying to initialize from file tmp/iwslt15/vocab.en is already initialized.
2019-11-28 19:36:45.043556: I tensorflow/core/kernels/lookup_util.cc:376] Table trying to initialize from file tmp/iwslt15/vocab.en is already initialized.
2019-11-28 19:36:45.043574: I tensorflow/core/kernels/lookup_util.cc:376] Table trying to initialize from file tmp/iwslt15/vocab.en is already initialized.
2019-11-28 19:36:45.043653: I tensorflow/core/kernels/lookup_util.cc:376] Table trying to initialize from file tmp/iwslt15/vocab.vi is already initialized.
2019-11-28 19:36:45.267013: I tensorflow/core/kernels/lookup_util.cc:376] Table trying to initialize from file tmp/iwslt15/vocab.en is already initialized.
2019-11-28 19:36:45.267013: I tensorflow/core/kernels/lookup_util.cc:376] Table trying to initialize from file tmp/iwslt15/vocab.en is already initialized.
2019-11-28 19:36:45.267046: I tensorflow/core/kernels/lookup_util.cc:376] Table trying to initialize from file tmp/iwslt15/vocab.vi is already initialized.
2019-11-28 19:44:50.083571: I tensorflow/core/kernels/lookup_util.cc:376] Table trying to initialize from file tmp/iwslt15/vocab.en is already initialized.
2019-11-28 19:44:50.083682: I tensorflow/core/kernels/lookup_util.cc:376] Table trying to initialize from file tmp/iwslt15/vocab.en is already initialized.
2019-11-28 19:44:50.083738: I tensorflow/core/kernels/lookup_util.cc:376] Table trying to initialize from file tmp/iwslt15/vocab.vi is already initialized.
2019-11-28 19:44:50.237700: I tensorflow/core/kernels/lookup_util.cc:376] Table trying to initialize from file tmp/iwslt15/vocab.en is already initialized.
2019-11-28 19:44:50.237700: I tensorflow/core/kernels/lookup_util.cc:376] Table trying to initialize from file tmp/iwslt15/vocab.en is already initialized.
2019-11-28 19:44:50.237794: I tensorflow/core/kernels/lookup_util.cc:376] Table trying to initialize from file tmp/iwslt15/vocab.vi is already initialized.
2019-11-28 19:52:45.175416: I tensorflow/core/kernels/lookup_util.cc:376] Table trying to initialize from file tmp/iwslt15/vocab.vi is already initialized.
2019-11-28 19:52:45.175482: I tensorflow/core/kernels/lookup_util.cc:376] Table trying to initialize from file tmp/iwslt15/vocab.en is already initialized.
2019-11-28 19:52:45.175482: I tensorflow/core/kernels/lookup_util.cc:376] Table trying to initialize from file tmp/iwslt15/vocab.en is already initialized.
2019-11-28 19:52:45.350671: I tensorflow/core/kernels/lookup_util.cc:376] Table trying to initialize from file tmp/iwslt15/vocab.en is already initialized.
2019-11-28 19:52:45.350732: I tensorflow/core/kernels/lookup_util.cc:376] Table trying to initialize from file tmp/iwslt15/vocab.vi is already initialized.
2019-11-28 19:52:45.350756: I tensorflow/core/kernels/lookup_util.cc:376] Table trying to initialize from file tmp/iwslt15/vocab.en is already initialized.
2019-11-28 19:54:13.613753: I tensorflow/core/kernels/lookup_util.cc:376] Table trying to initialize from file tmp/iwslt15/vocab.vi is already initialized.
2019-11-28 19:54:13.613852: I tensorflow/core/kernels/lookup_util.cc:376] Table trying to initialize from file tmp/iwslt15/vocab.en is already initialized.
2019-11-28 19:54:13.613852: I tensorflow/core/kernels/lookup_util.cc:376] Table trying to initialize from file tmp/iwslt15/vocab.en is already initialized.
2019-11-28 19:54:13.741391: I tensorflow/core/kernels/lookup_util.cc:376] Table trying to initialize from file tmp/iwslt15/vocab.vi is already initialized.
2019-11-28 19:54:13.741410: I tensorflow/core/kernels/lookup_util.cc:376] Table trying to initialize from file tmp/iwslt15/vocab.en is already initialized.
2019-11-28 19:54:13.741426: I tensorflow/core/kernels/lookup_util.cc:376] Table trying to initialize from file tmp/iwslt15/vocab.en is already initialized.
2019-11-28 20:01:30.380264: I tensorflow/core/kernels/lookup_util.cc:376] Table trying to initialize from file tmp/iwslt15/vocab.vi is already initialized.
2019-11-28 20:01:30.380266: I tensorflow/core/kernels/lookup_util.cc:376] Table trying to initialize from file tmp/iwslt15/vocab.en is already initialized.
2019-11-28 20:01:30.380290: I tensorflow/core/kernels/lookup_util.cc:376] Table trying to initialize from file tmp/iwslt15/vocab.en is already initialized.
2019-11-28 20:01:30.524707: I tensorflow/core/kernels/lookup_util.cc:376] Table trying to initialize from file tmp/iwslt15/vocab.vi is already initialized.
2019-11-28 20:01:30.524734: I tensorflow/core/kernels/lookup_util.cc:376] Table trying to initialize from file tmp/iwslt15/vocab.en is already initialized.
2019-11-28 20:01:30.525004: I tensorflow/core/kernels/lookup_util.cc:376] Table trying to initialize from file tmp/iwslt15/vocab.en is already initialized.
2019-11-28 20:01:42.513707: I tensorflow/core/kernels/lookup_util.cc:376] Table trying to initialize from file tmp/iwslt15/vocab.en is already initialized.
2019-11-28 20:01:42.513805: I tensorflow/core/kernels/lookup_util.cc:376] Table trying to initialize from file tmp/iwslt15/vocab.vi is already initialized.
2019-11-28 20:01:42.513849: I tensorflow/core/kernels/lookup_util.cc:376] Table trying to initialize from file tmp/iwslt15/vocab.en is already initialized.
2019-11-28 20:01:42.645391: I tensorflow/core/kernels/lookup_util.cc:376] Table trying to initialize from file tmp/iwslt15/vocab.vi is already initialized.
2019-11-28 20:01:42.645424: I tensorflow/core/kernels/lookup_util.cc:376] Table trying to initialize from file tmp/iwslt15/vocab.en is already initialized.
2019-11-28 20:01:42.645426: I tensorflow/core/kernels/lookup_util.cc:376] Table trying to initialize from file tmp/iwslt15/vocab.en is already initialized.
 the time , the the time .
  loaded eval model parameters from tmp/nmt_attention_model_VI_s10000_l2_u256/translate.ckpt-1000, time 0.15s
  eval dev: perplexity 138.19, time 5s, Thu Nov 28 19:19:36 2019.
  eval test: perplexity 159.99, time 5s, Thu Nov 28 19:19:41 2019.
  loaded infer model parameters from tmp/nmt_attention_model_VI_s10000_l2_u256/translate.ckpt-1000, time 0.07s
# External evaluation, global step 1000
  decoding to output tmp/nmt_attention_model_VI_s10000_l2_u256/output_dev
  done, num sentences 1553, num translations per input 1, time 15s, Thu Nov 28 19:19:57 2019.
  bleu dev: 1.0
  saving hparams to tmp/nmt_attention_model_VI_s10000_l2_u256/hparams
# External evaluation, global step 1000
  decoding to output tmp/nmt_attention_model_VI_s10000_l2_u256/output_test
  done, num sentences 1268, num translations per input 1, time 14s, Thu Nov 28 19:20:12 2019.
  bleu test: 0.5
  saving hparams to tmp/nmt_attention_model_VI_s10000_l2_u256/hparams
# Start step 1000, lr 1, Thu Nov 28 19:20:12 2019
# Init train iterator, skipping 0 elements
  step 1100 lr 1 step-time 0.51s wps 5.48K ppl 173.01 gN 4.73 bleu 0.99, Thu Nov 28 19:21:04 2019
  step 1200 lr 1 step-time 0.46s wps 6.09K ppl 161.75 gN 4.77 bleu 0.99, Thu Nov 28 19:21:50 2019
  step 1300 lr 1 step-time 0.46s wps 6.09K ppl 150.21 gN 4.58 bleu 0.99, Thu Nov 28 19:22:36 2019
  step 1400 lr 1 step-time 0.47s wps 5.99K ppl 140.10 gN 4.62 bleu 0.99, Thu Nov 28 19:23:23 2019
  step 1500 lr 1 step-time 0.46s wps 6.03K ppl 130.98 gN 4.66 bleu 0.99, Thu Nov 28 19:24:09 2019
  step 1600 lr 1 step-time 0.46s wps 6.04K ppl 125.02 gN 4.86 bleu 0.99, Thu Nov 28 19:24:55 2019
  step 1700 lr 1 step-time 0.47s wps 6.04K ppl 117.73 gN 5.49 bleu 0.99, Thu Nov 28 19:25:42 2019
  step 1800 lr 1 step-time 0.46s wps 6.05K ppl 111.95 gN 5.61 bleu 0.99, Thu Nov 28 19:26:28 2019
  step 1900 lr 1 step-time 0.47s wps 6.07K ppl 99.23 gN 5.32 bleu 0.99, Thu Nov 28 19:27:15 2019
  step 2000 lr 1 step-time 0.46s wps 6.06K ppl 92.81 gN 5.60 bleu 0.99, Thu Nov 28 19:28:02 2019
# Save eval, global step 2000
  loaded infer model parameters from tmp/nmt_attention_model_VI_s10000_l2_u256/translate.ckpt-2000, time 0.11s
  # 310
    src: cố gắng làm được việc gì đó về án tử hình ,
    ref: We &apos;re trying to do something about the death penalty .
    nmt: And let &apos;s make this question , this is what this is about this , and it &apos;s about this , and it &apos;s
  loaded eval model parameters from tmp/nmt_attention_model_VI_s10000_l2_u256/translate.ckpt-2000, time 0.08s
  eval dev: perplexity 77.69, time 5s, Thu Nov 28 19:28:08 2019.
  eval test: perplexity 87.85, time 5s, Thu Nov 28 19:28:13 2019.
  step 2100 lr 1 step-time 0.46s wps 6.07K ppl 85.67 gN 5.56 bleu 0.99, Thu Nov 28 19:28:59 2019
  step 2200 lr 1 step-time 0.46s wps 6.08K ppl 76.63 gN 5.34 bleu 0.99, Thu Nov 28 19:29:46 2019
  step 2300 lr 1 step-time 0.46s wps 6.10K ppl 71.69 gN 5.45 bleu 0.99, Thu Nov 28 19:30:32 2019
  step 2400 lr 1 step-time 0.46s wps 6.10K ppl 65.85 gN 5.61 bleu 0.99, Thu Nov 28 19:31:18 2019
  step 2500 lr 1 step-time 0.47s wps 6.11K ppl 62.07 gN 5.67 bleu 0.99, Thu Nov 28 19:32:05 2019
  step 2600 lr 1 step-time 0.46s wps 6.11K ppl 59.13 gN 5.55 bleu 0.99, Thu Nov 28 19:32:51 2019
  step 2700 lr 1 step-time 0.46s wps 6.09K ppl 54.04 gN 5.44 bleu 0.99, Thu Nov 28 19:33:37 2019
  step 2800 lr 1 step-time 0.46s wps 6.13K ppl 53.12 gN 5.60 bleu 0.99, Thu Nov 28 19:34:23 2019
  step 2900 lr 1 step-time 0.46s wps 6.11K ppl 49.94 gN 5.85 bleu 0.99, Thu Nov 28 19:35:09 2019
  step 3000 lr 1 step-time 0.46s wps 6.12K ppl 46.77 gN 5.71 bleu 0.99, Thu Nov 28 19:35:55 2019
# Save eval, global step 3000
  loaded infer model parameters from tmp/nmt_attention_model_VI_s10000_l2_u256/translate.ckpt-3000, time 0.11s
  # 476
    src: Và điều đó , với mức độ rộng lớn hơn , là cái chúng ta muốn làm hiện nay .
    ref: And that , to a large extent , is what we want to do now .
    nmt: And that &apos;s , with a big level , a lot of a lot of time , which is a lot of time .
  loaded eval model parameters from tmp/nmt_attention_model_VI_s10000_l2_u256/translate.ckpt-3000, time 0.08s
  eval dev: perplexity 38.54, time 5s, Thu Nov 28 19:36:01 2019.
  eval test: perplexity 39.89, time 5s, Thu Nov 28 19:36:07 2019.
# Finished an epoch, step 3085. Perform external evaluation
  loaded infer model parameters from tmp/nmt_attention_model_VI_s10000_l2_u256/translate.ckpt-3000, time 0.07s
  # 189
    src: Không phải tôi nói ra vì tôi nghĩ tôi làm thế là đúng , là đạo đức ; mà tôi muốn nói đến sức mạnh của nhân cách con người .
    ref: I don &apos;t say that because I think that &apos;s virtuous ; I say that because there is power in identity .
    nmt: No not me to tell me because I was doing that I was doing that , that &apos;s a <unk> ; I &apos;d like to tell you how to do a good way of how a human people .
  loaded infer model parameters from tmp/nmt_attention_model_VI_s10000_l2_u256/translate.ckpt-3000, time 0.08s
# External evaluation, global step 3000
  decoding to output tmp/nmt_attention_model_VI_s10000_l2_u256/output_dev
  done, num sentences 1553, num translations per input 1, time 27s, Thu Nov 28 19:37:12 2019.
  bleu dev: 6.5
  saving hparams to tmp/nmt_attention_model_VI_s10000_l2_u256/hparams
# External evaluation, global step 3000
  decoding to output tmp/nmt_attention_model_VI_s10000_l2_u256/output_test
  done, num sentences 1268, num translations per input 1, time 26s, Thu Nov 28 19:37:39 2019.
  bleu test: 6.4
  saving hparams to tmp/nmt_attention_model_VI_s10000_l2_u256/hparams
  step 3100 lr 1 step-time 0.49s wps 5.50K ppl 44.40 gN 6.38 bleu 6.45, Thu Nov 28 19:37:50 2019
  step 3200 lr 1 step-time 0.47s wps 6.04K ppl 39.88 gN 5.93 bleu 6.45, Thu Nov 28 19:38:37 2019
  step 3300 lr 1 step-time 0.46s wps 6.05K ppl 37.83 gN 5.86 bleu 6.45, Thu Nov 28 19:39:23 2019
  step 3400 lr 1 step-time 0.46s wps 6.03K ppl 36.14 gN 5.98 bleu 6.45, Thu Nov 28 19:40:09 2019
  step 3500 lr 1 step-time 0.46s wps 6.06K ppl 35.04 gN 5.97 bleu 6.45, Thu Nov 28 19:40:55 2019
  step 3600 lr 1 step-time 0.47s wps 6.05K ppl 34.02 gN 6.06 bleu 6.45, Thu Nov 28 19:41:42 2019
  step 3700 lr 1 step-time 0.48s wps 6.05K ppl 33.66 gN 6.17 bleu 6.45, Thu Nov 28 19:42:29 2019
  step 3800 lr 1 step-time 0.46s wps 6.00K ppl 32.25 gN 5.93 bleu 6.45, Thu Nov 28 19:43:15 2019
  step 3900 lr 1 step-time 0.47s wps 6.02K ppl 32.63 gN 6.18 bleu 6.45, Thu Nov 28 19:44:03 2019
  step 4000 lr 1 step-time 0.46s wps 5.99K ppl 31.14 gN 5.94 bleu 6.45, Thu Nov 28 19:44:49 2019
# Save eval, global step 4000
  loaded infer model parameters from tmp/nmt_attention_model_VI_s10000_l2_u256/translate.ckpt-4000, time 0.11s
  # 1108
    src: Nếu bạn nghĩ về nó , bạn sẽ thấy đó là một phát minh hết sức vĩ đại .
    ref: It &apos;s really a pretty amazing invention if you think about it .
    nmt: If you think about it , you &apos;ll see it &apos;s a great <unk> .
  loaded eval model parameters from tmp/nmt_attention_model_VI_s10000_l2_u256/translate.ckpt-4000, time 0.09s
  eval dev: perplexity 25.30, time 5s, Thu Nov 28 19:44:55 2019.
  eval test: perplexity 24.74, time 5s, Thu Nov 28 19:45:01 2019.
  step 4100 lr 1 step-time 0.47s wps 6.05K ppl 30.52 gN 6.04 bleu 6.45, Thu Nov 28 19:45:48 2019
  step 4200 lr 1 step-time 0.47s wps 6.09K ppl 30.64 gN 6.15 bleu 6.45, Thu Nov 28 19:46:34 2019
  step 4300 lr 1 step-time 0.46s wps 6.06K ppl 30.55 gN 6.08 bleu 6.45, Thu Nov 28 19:47:20 2019
  step 4400 lr 1 step-time 0.46s wps 6.11K ppl 30.07 gN 6.15 bleu 6.45, Thu Nov 28 19:48:07 2019
  step 4500 lr 1 step-time 0.46s wps 6.05K ppl 28.91 gN 6.17 bleu 6.45, Thu Nov 28 19:48:53 2019
  step 4600 lr 1 step-time 0.46s wps 6.08K ppl 27.45 gN 6.02 bleu 6.45, Thu Nov 28 19:49:39 2019
  step 4700 lr 1 step-time 0.47s wps 6.11K ppl 28.00 gN 6.18 bleu 6.45, Thu Nov 28 19:50:26 2019
  step 4800 lr 1 step-time 0.46s wps 6.14K ppl 27.24 gN 6.19 bleu 6.45, Thu Nov 28 19:51:11 2019
  step 4900 lr 1 step-time 0.47s wps 6.03K ppl 27.44 gN 6.12 bleu 6.45, Thu Nov 28 19:51:58 2019
  step 5000 lr 1 step-time 0.46s wps 6.10K ppl 27.09 gN 6.13 bleu 6.45, Thu Nov 28 19:52:44 2019
# Save eval, global step 5000
  loaded infer model parameters from tmp/nmt_attention_model_VI_s10000_l2_u256/translate.ckpt-5000, time 0.11s
  # 1135
    src: Một phương pháp đặc biệt thú vị mà tôi hiện vẫn đang dùng nhiều là bản thân sự tiến hoá
    ref: One method that &apos;s particularly interesting that I &apos;ve been using a lot lately is evolution itself .
    nmt: A very interesting way I &apos;ve been used to be used as much as I was used to be .
  loaded eval model parameters from tmp/nmt_attention_model_VI_s10000_l2_u256/translate.ckpt-5000, time 0.09s
  eval dev: perplexity 21.43, time 5s, Thu Nov 28 19:52:51 2019.
  eval test: perplexity 20.63, time 5s, Thu Nov 28 19:52:56 2019.
  step 5100 lr 1 step-time 0.46s wps 6.13K ppl 26.08 gN 6.16 bleu 6.45, Thu Nov 28 19:53:42 2019
# Finished an epoch, step 5170. Perform external evaluation
  loaded infer model parameters from tmp/nmt_attention_model_VI_s10000_l2_u256/translate.ckpt-5000, time 0.08s
  # 61
    src: Tôi không biết nói chuyện về rượu .
    ref: I didn &apos;t know how to talk about wine .
    nmt: I don &apos;t know about sand .
  loaded infer model parameters from tmp/nmt_attention_model_VI_s10000_l2_u256/translate.ckpt-5000, time 0.09s
# External evaluation, global step 5000
  decoding to output tmp/nmt_attention_model_VI_s10000_l2_u256/output_dev
  done, num sentences 1553, num translations per input 1, time 21s, Thu Nov 28 19:54:35 2019.
  bleu dev: 11.0
  saving hparams to tmp/nmt_attention_model_VI_s10000_l2_u256/hparams
# External evaluation, global step 5000
  decoding to output tmp/nmt_attention_model_VI_s10000_l2_u256/output_test
  done, num sentences 1268, num translations per input 1, time 22s, Thu Nov 28 19:54:57 2019.
  bleu test: 11.6
  saving hparams to tmp/nmt_attention_model_VI_s10000_l2_u256/hparams
  step 5200 lr 1 step-time 0.48s wps 5.46K ppl 23.58 gN 6.59 bleu 11.01, Thu Nov 28 19:55:15 2019
  step 5300 lr 1 step-time 0.47s wps 6.04K ppl 22.56 gN 6.18 bleu 11.01, Thu Nov 28 19:56:02 2019
  step 5400 lr 1 step-time 0.47s wps 6.07K ppl 22.00 gN 6.29 bleu 11.01, Thu Nov 28 19:56:49 2019
  step 5500 lr 1 step-time 0.46s wps 5.99K ppl 21.21 gN 6.27 bleu 11.01, Thu Nov 28 19:57:35 2019
  step 5600 lr 1 step-time 0.46s wps 6.03K ppl 20.86 gN 6.18 bleu 11.01, Thu Nov 28 19:58:21 2019
  step 5700 lr 1 step-time 0.47s wps 6.04K ppl 21.23 gN 6.26 bleu 11.01, Thu Nov 28 19:59:08 2019
  step 5800 lr 1 step-time 0.47s wps 5.99K ppl 20.79 gN 6.15 bleu 11.01, Thu Nov 28 19:59:55 2019
  step 5900 lr 1 step-time 0.48s wps 6.05K ppl 21.09 gN 6.37 bleu 11.01, Thu Nov 28 20:00:43 2019
  step 6000 lr 1 step-time 0.47s wps 6.03K ppl 20.18 gN 6.17 bleu 11.01, Thu Nov 28 20:01:29 2019
# Save eval, global step 6000
  loaded infer model parameters from tmp/nmt_attention_model_VI_s10000_l2_u256/translate.ckpt-6000, time 0.12s
  # 1493
    src: Như ở đây , chúng ta có Dimitry Golubov đến từ thành phố Kiev , Ukraine
    ref: Like here , we have Mr. Dimitry Golubov from the city of Kiev in Ukraine .
    nmt: As we here , <unk> <unk> came from cities .
  loaded eval model parameters from tmp/nmt_attention_model_VI_s10000_l2_u256/translate.ckpt-6000, time 0.09s
  eval dev: perplexity 22.85, time 5s, Thu Nov 28 20:01:36 2019.
  eval test: perplexity 21.03, time 5s, Thu Nov 28 20:01:41 2019.
  loaded infer model parameters from tmp/nmt_attention_model_VI_s10000_l2_u256/translate.ckpt-6000, time 0.11s
  # 1238
    src: Chính trị không thay đổi ; chính phủ đang .
    ref: Politics is not changing ; government is changing .
    nmt: It &apos;s not changing ; government is .
  loaded infer model parameters from tmp/nmt_attention_model_VI_s10000_l2_u256/translate.ckpt-6000, time 0.09s
# External evaluation, global step 6000
  decoding to output tmp/nmt_attention_model_VI_s10000_l2_u256/output_dev
  done, num sentences 1553, num translations per input 1, time 17s, Thu Nov 28 20:02:00 2019.
  bleu dev: 13.3
  saving hparams to tmp/nmt_attention_model_VI_s10000_l2_u256/hparams
# External evaluation, global step 6000
  decoding to output tmp/nmt_attention_model_VI_s10000_l2_u256/output_test
  done, num sentences 1268, num translations per input 1, time 17s, Thu Nov 28 20:02:18 2019.
  bleu test: 15.1
  saving hparams to tmp/nmt_attention_model_VI_s10000_l2_u256/hparams
