WARNING:tensorflow:From nmt/utils/iterator_utils.py:235: group_by_window (from tensorflow.contrib.data.python.ops.grouping) is deprecated and will be removed in a future version.
Instructions for updating:
Use `tf.data.experimental.group_by_window(...)`.
WARNING:tensorflow:From nmt/model_helper.py:402: __init__ (from tensorflow.python.ops.rnn_cell_impl) is deprecated and will be removed in a future version.
Instructions for updating:
This class is deprecated, please use tf.nn.rnn_cell.LSTMCell, which supports all the feature this cell currently has. Please replace the existing code with tf.nn.rnn_cell.LSTMCell(name='basic_lstm_cell').
2019-11-29 02:24:35.582698: I tensorflow/core/kernels/lookup_util.cc:376] Table trying to initialize from file tmp/iwslt15/vocab.vi is already initialized.
2019-11-29 02:24:35.582707: I tensorflow/core/kernels/lookup_util.cc:376] Table trying to initialize from file tmp/iwslt15/vocab.en is already initialized.
2019-11-29 02:24:35.582709: I tensorflow/core/kernels/lookup_util.cc:376] Table trying to initialize from file tmp/iwslt15/vocab.en is already initialized.
2019-11-29 02:32:23.205139: I tensorflow/core/kernels/lookup_util.cc:376] Table trying to initialize from file tmp/iwslt15/vocab.en is already initialized.
2019-11-29 02:32:23.205139: I tensorflow/core/kernels/lookup_util.cc:376] Table trying to initialize from file tmp/iwslt15/vocab.vi is already initialized.
2019-11-29 02:32:23.205181: I tensorflow/core/kernels/lookup_util.cc:376] Table trying to initialize from file tmp/iwslt15/vocab.en is already initialized.
2019-11-29 02:32:23.320154: I tensorflow/core/kernels/lookup_util.cc:376] Table trying to initialize from file tmp/iwslt15/vocab.vi is already initialized.
2019-11-29 02:32:23.320154: I tensorflow/core/kernels/lookup_util.cc:376] Table trying to initialize from file tmp/iwslt15/vocab.en is already initialized.
2019-11-29 02:32:23.320161: I tensorflow/core/kernels/lookup_util.cc:376] Table trying to initialize from file tmp/iwslt15/vocab.en is already initialized.
2019-11-29 02:40:15.256734: I tensorflow/core/kernels/lookup_util.cc:376] Table trying to initialize from file tmp/iwslt15/vocab.vi is already initialized.
2019-11-29 02:40:15.256816: I tensorflow/core/kernels/lookup_util.cc:376] Table trying to initialize from file tmp/iwslt15/vocab.en is already initialized.
2019-11-29 02:40:15.256820: I tensorflow/core/kernels/lookup_util.cc:376] Table trying to initialize from file tmp/iwslt15/vocab.en is already initialized.
2019-11-29 02:40:15.390611: I tensorflow/core/kernels/lookup_util.cc:376] Table trying to initialize from file tmp/iwslt15/vocab.vi is already initialized.
2019-11-29 02:40:15.390613: I tensorflow/core/kernels/lookup_util.cc:376] Table trying to initialize from file tmp/iwslt15/vocab.en is already initialized.
2019-11-29 02:40:15.390622: I tensorflow/core/kernels/lookup_util.cc:376] Table trying to initialize from file tmp/iwslt15/vocab.en is already initialized.
2019-11-29 02:41:04.054793: I tensorflow/core/kernels/lookup_util.cc:376] Table trying to initialize from file tmp/iwslt15/vocab.vi is already initialized.
2019-11-29 02:41:04.054869: I tensorflow/core/kernels/lookup_util.cc:376] Table trying to initialize from file tmp/iwslt15/vocab.en is already initialized.
2019-11-29 02:41:04.054810: I tensorflow/core/kernels/lookup_util.cc:376] Table trying to initialize from file tmp/iwslt15/vocab.en is already initialized.
2019-11-29 02:41:04.177349: I tensorflow/core/kernels/lookup_util.cc:376] Table trying to initialize from file tmp/iwslt15/vocab.vi is already initialized.
2019-11-29 02:41:04.177363: I tensorflow/core/kernels/lookup_util.cc:376] Table trying to initialize from file tmp/iwslt15/vocab.en is already initialized.
2019-11-29 02:41:04.177366: I tensorflow/core/kernels/lookup_util.cc:376] Table trying to initialize from file tmp/iwslt15/vocab.en is already initialized.
2019-11-29 02:48:54.069484: I tensorflow/core/kernels/lookup_util.cc:376] Table trying to initialize from file tmp/iwslt15/vocab.en is already initialized.
2019-11-29 02:48:54.069658: I tensorflow/core/kernels/lookup_util.cc:376] Table trying to initialize from file tmp/iwslt15/vocab.vi is already initialized.
2019-11-29 02:48:54.069672: I tensorflow/core/kernels/lookup_util.cc:376] Table trying to initialize from file tmp/iwslt15/vocab.en is already initialized.
2019-11-29 02:48:54.261258: I tensorflow/core/kernels/lookup_util.cc:376] Table trying to initialize from file tmp/iwslt15/vocab.vi is already initialized.
2019-11-29 02:48:54.261358: I tensorflow/core/kernels/lookup_util.cc:376] Table trying to initialize from file tmp/iwslt15/vocab.en is already initialized.
2019-11-29 02:48:54.261358: I tensorflow/core/kernels/lookup_util.cc:376] Table trying to initialize from file tmp/iwslt15/vocab.en is already initialized.
2019-11-29 02:56:48.610715: I tensorflow/core/kernels/lookup_util.cc:376] Table trying to initialize from file tmp/iwslt15/vocab.en is already initialized.
2019-11-29 02:56:48.610772: I tensorflow/core/kernels/lookup_util.cc:376] Table trying to initialize from file tmp/iwslt15/vocab.en is already initialized.
2019-11-29 02:56:48.610777: I tensorflow/core/kernels/lookup_util.cc:376] Table trying to initialize from file tmp/iwslt15/vocab.vi is already initialized.
2019-11-29 02:56:48.791162: I tensorflow/core/kernels/lookup_util.cc:376] Table trying to initialize from file tmp/iwslt15/vocab.en is already initialized.
2019-11-29 02:56:48.791233: I tensorflow/core/kernels/lookup_util.cc:376] Table trying to initialize from file tmp/iwslt15/vocab.vi is already initialized.
2019-11-29 02:56:48.791253: I tensorflow/core/kernels/lookup_util.cc:376] Table trying to initialize from file tmp/iwslt15/vocab.en is already initialized.
2019-11-29 02:58:17.315477: I tensorflow/core/kernels/lookup_util.cc:376] Table trying to initialize from file tmp/iwslt15/vocab.en is already initialized.
2019-11-29 02:58:17.315480: I tensorflow/core/kernels/lookup_util.cc:376] Table trying to initialize from file tmp/iwslt15/vocab.en is already initialized.
2019-11-29 02:58:17.315491: I tensorflow/core/kernels/lookup_util.cc:376] Table trying to initialize from file tmp/iwslt15/vocab.vi is already initialized.
2019-11-29 02:58:17.494917: I tensorflow/core/kernels/lookup_util.cc:376] Table trying to initialize from file tmp/iwslt15/vocab.vi is already initialized.
2019-11-29 02:58:17.494993: I tensorflow/core/kernels/lookup_util.cc:376] Table trying to initialize from file tmp/iwslt15/vocab.en is already initialized.
2019-11-29 02:58:17.494952: I tensorflow/core/kernels/lookup_util.cc:376] Table trying to initialize from file tmp/iwslt15/vocab.en is already initialized.
2019-11-29 03:05:24.640784: I tensorflow/core/kernels/lookup_util.cc:376] Table trying to initialize from file tmp/iwslt15/vocab.vi is already initialized.
2019-11-29 03:05:24.640856: I tensorflow/core/kernels/lookup_util.cc:376] Table trying to initialize from file tmp/iwslt15/vocab.en is already initialized.
2019-11-29 03:05:24.640857: I tensorflow/core/kernels/lookup_util.cc:376] Table trying to initialize from file tmp/iwslt15/vocab.en is already initialized.
2019-11-29 03:05:24.801678: I tensorflow/core/kernels/lookup_util.cc:376] Table trying to initialize from file tmp/iwslt15/vocab.vi is already initialized.
2019-11-29 03:05:24.801684: I tensorflow/core/kernels/lookup_util.cc:376] Table trying to initialize from file tmp/iwslt15/vocab.en is already initialized.
2019-11-29 03:05:24.801685: I tensorflow/core/kernels/lookup_util.cc:376] Table trying to initialize from file tmp/iwslt15/vocab.en is already initialized.
2019-11-29 03:05:36.602726: I tensorflow/core/kernels/lookup_util.cc:376] Table trying to initialize from file tmp/iwslt15/vocab.vi is already initialized.
2019-11-29 03:05:36.602741: I tensorflow/core/kernels/lookup_util.cc:376] Table trying to initialize from file tmp/iwslt15/vocab.en is already initialized.
2019-11-29 03:05:36.602759: I tensorflow/core/kernels/lookup_util.cc:376] Table trying to initialize from file tmp/iwslt15/vocab.en is already initialized.
2019-11-29 03:05:36.779628: I tensorflow/core/kernels/lookup_util.cc:376] Table trying to initialize from file tmp/iwslt15/vocab.vi is already initialized.
2019-11-29 03:05:36.779657: I tensorflow/core/kernels/lookup_util.cc:376] Table trying to initialize from file tmp/iwslt15/vocab.en is already initialized.
2019-11-29 03:05:36.779657: I tensorflow/core/kernels/lookup_util.cc:376] Table trying to initialize from file tmp/iwslt15/vocab.en is already initialized.
9 02:24:35 2019
# Init train iterator, skipping 0 elements
  step 100 lr 1 step-time 0.51s wps 5.48K ppl 92883.72 gN 179.44 bleu 0.00, Fri Nov 29 02:25:26 2019
  step 200 lr 1 step-time 0.46s wps 6.14K ppl 1917.67 gN 32.58 bleu 0.00, Fri Nov 29 02:26:13 2019
  step 300 lr 1 step-time 0.46s wps 6.07K ppl 1129.96 gN 26.25 bleu 0.00, Fri Nov 29 02:26:59 2019
  step 400 lr 1 step-time 0.46s wps 6.05K ppl 565.28 gN 9.80 bleu 0.00, Fri Nov 29 02:27:45 2019
  step 500 lr 1 step-time 0.46s wps 6.04K ppl 413.23 gN 6.59 bleu 0.00, Fri Nov 29 02:28:31 2019
  step 600 lr 1 step-time 0.46s wps 6.08K ppl 325.03 gN 5.74 bleu 0.00, Fri Nov 29 02:29:17 2019
  step 700 lr 1 step-time 0.46s wps 6.07K ppl 268.13 gN 5.33 bleu 0.00, Fri Nov 29 02:30:03 2019
  step 800 lr 1 step-time 0.47s wps 6.03K ppl 236.46 gN 5.30 bleu 0.00, Fri Nov 29 02:30:50 2019
  step 900 lr 1 step-time 0.46s wps 6.08K ppl 213.65 gN 5.12 bleu 0.00, Fri Nov 29 02:31:36 2019
  step 1000 lr 1 step-time 0.46s wps 6.06K ppl 192.14 gN 4.68 bleu 0.00, Fri Nov 29 02:32:22 2019
# Save eval, global step 1000
  loaded infer model parameters from tmp/nmt_attention_model_VI_s20000_l2_u256/translate.ckpt-1000, time 0.12s
  # 462
    src: Nó vẫn chưa bị ngộp
    ref: It was not drowned yet .
    nmt: It &apos;s the
  loaded eval model parameters from tmp/nmt_attention_model_VI_s20000_l2_u256/translate.ckpt-1000, time 0.09s
  eval dev: perplexity 143.36, time 5s, Fri Nov 29 02:32:29 2019.
  eval test: perplexity 160.39, time 5s, Fri Nov 29 02:32:34 2019.
  step 1100 lr 1 step-time 0.47s wps 6.14K ppl 184.22 gN 4.66 bleu 0.00, Fri Nov 29 02:33:20 2019
  step 1200 lr 1 step-time 0.46s wps 6.12K ppl 169.99 gN 4.58 bleu 0.00, Fri Nov 29 02:34:06 2019
  step 1300 lr 1 step-time 0.46s wps 6.14K ppl 160.93 gN 4.59 bleu 0.00, Fri Nov 29 02:34:52 2019
  step 1400 lr 1 step-time 0.45s wps 6.10K ppl 145.95 gN 4.47 bleu 0.00, Fri Nov 29 02:35:38 2019
  step 1500 lr 1 step-time 0.46s wps 6.17K ppl 142.67 gN 4.49 bleu 0.00, Fri Nov 29 02:36:24 2019
  step 1600 lr 1 step-time 0.46s wps 6.11K ppl 133.88 gN 4.74 bleu 0.00, Fri Nov 29 02:37:10 2019
  step 1700 lr 1 step-time 0.46s wps 6.06K ppl 124.05 gN 4.85 bleu 0.00, Fri Nov 29 02:37:56 2019
  step 1800 lr 1 step-time 0.46s wps 6.12K ppl 116.47 gN 5.20 bleu 0.00, Fri Nov 29 02:38:42 2019
  step 1900 lr 1 step-time 0.46s wps 6.15K ppl 104.83 gN 5.25 bleu 0.00, Fri Nov 29 02:39:28 2019
  step 2000 lr 1 step-time 0.46s wps 6.14K ppl 96.51 gN 5.42 bleu 0.00, Fri Nov 29 02:40:14 2019
# Save eval, global step 2000
  loaded infer model parameters from tmp/nmt_attention_model_VI_s20000_l2_u256/translate.ckpt-2000, time 0.11s
  # 904
    src: Ai đó đã tạo ra một phiên bản cũ .
    ref: Someone made an old timey version .
    nmt: And that &apos;s a few times .
  loaded eval model parameters from tmp/nmt_attention_model_VI_s20000_l2_u256/translate.ckpt-2000, time 0.09s
  eval dev: perplexity 67.33, time 5s, Fri Nov 29 02:40:21 2019.
  eval test: perplexity 77.55, time 5s, Fri Nov 29 02:40:26 2019.
# Finished an epoch, step 2085. Perform external evaluation
  loaded infer model parameters from tmp/nmt_attention_model_VI_s20000_l2_u256/translate.ckpt-2000, time 0.10s
  # 230
    src: ý tôi là , thật khó tin !
    ref: I mean , it &apos;s fascinating .
    nmt: I &apos;m here , I &apos;m doing that .
  loaded infer model parameters from tmp/nmt_attention_model_VI_s20000_l2_u256/translate.ckpt-2000, time 0.07s
# External evaluation, global step 2000
  decoding to output tmp/nmt_attention_model_VI_s20000_l2_u256/output_dev
  done, num sentences 1553, num translations per input 1, time 21s, Fri Nov 29 02:41:25 2019.
  bleu dev: 3.5
  saving hparams to tmp/nmt_attention_model_VI_s20000_l2_u256/hparams
# External evaluation, global step 2000
  decoding to output tmp/nmt_attention_model_VI_s20000_l2_u256/output_test
  done, num sentences 1268, num translations per input 1, time 19s, Fri Nov 29 02:41:46 2019.
  bleu test: 3.0
  saving hparams to tmp/nmt_attention_model_VI_s20000_l2_u256/hparams
  step 2100 lr 1 step-time 0.49s wps 5.54K ppl 89.24 gN 5.69 bleu 3.50, Fri Nov 29 02:41:57 2019
  step 2200 lr 1 step-time 0.46s wps 6.05K ppl 78.23 gN 5.50 bleu 3.50, Fri Nov 29 02:42:44 2019
  step 2300 lr 1 step-time 0.46s wps 6.06K ppl 70.91 gN 5.43 bleu 3.50, Fri Nov 29 02:43:29 2019
  step 2400 lr 1 step-time 0.46s wps 6.11K ppl 66.55 gN 5.43 bleu 3.50, Fri Nov 29 02:44:16 2019
  step 2500 lr 1 step-time 0.46s wps 6.04K ppl 60.47 gN 5.51 bleu 3.50, Fri Nov 29 02:45:02 2019
  step 2600 lr 1 step-time 0.46s wps 6.00K ppl 56.59 gN 5.44 bleu 3.50, Fri Nov 29 02:45:48 2019
  step 2700 lr 1 step-time 0.47s wps 6.07K ppl 55.97 gN 5.85 bleu 3.50, Fri Nov 29 02:46:34 2019
  step 2800 lr 1 step-time 0.46s wps 6.05K ppl 51.35 gN 5.65 bleu 3.50, Fri Nov 29 02:47:20 2019
  step 2900 lr 1 step-time 0.46s wps 6.07K ppl 48.31 gN 5.68 bleu 3.50, Fri Nov 29 02:48:06 2019
  step 3000 lr 1 step-time 0.47s wps 6.06K ppl 46.79 gN 5.75 bleu 3.50, Fri Nov 29 02:48:53 2019
# Save eval, global step 3000
  loaded infer model parameters from tmp/nmt_attention_model_VI_s20000_l2_u256/translate.ckpt-3000, time 0.10s
  # 1249
    src: Cuối cùng , anh ấy nói : &quot; Nhìn xem , chẳng phải bạn có thể mở tất cả cánh cửa tới nhà bạn và chơi nhạc thật to và nhìn xem có thứ gì chuyển động ko ? &quot;
    ref: And finally , he says , &quot; Look , can you just open all the doors to your house and play music really loud and see if the thing leaves ? &quot;
    nmt: Now , he said , &quot; I can &apos;t have all the same time , you can go all the same time , and you can see what it doesn &apos;t . &quot;
  loaded eval model parameters from tmp/nmt_attention_model_VI_s20000_l2_u256/translate.ckpt-3000, time 0.08s
  eval dev: perplexity 37.94, time 5s, Fri Nov 29 02:48:59 2019.
  eval test: perplexity 40.37, time 5s, Fri Nov 29 02:49:05 2019.
  step 3100 lr 1 step-time 0.46s wps 6.12K ppl 47.35 gN 5.91 bleu 3.50, Fri Nov 29 02:49:51 2019
  step 3200 lr 1 step-time 0.47s wps 6.08K ppl 45.86 gN 5.88 bleu 3.50, Fri Nov 29 02:50:38 2019
  step 3300 lr 1 step-time 0.46s wps 6.07K ppl 43.14 gN 5.79 bleu 3.50, Fri Nov 29 02:51:24 2019
  step 3400 lr 1 step-time 0.46s wps 6.11K ppl 42.02 gN 5.83 bleu 3.50, Fri Nov 29 02:52:10 2019
  step 3500 lr 1 step-time 0.46s wps 6.07K ppl 39.89 gN 5.89 bleu 3.50, Fri Nov 29 02:52:57 2019
  step 3600 lr 1 step-time 0.46s wps 6.10K ppl 38.80 gN 5.97 bleu 3.50, Fri Nov 29 02:53:42 2019
  step 3700 lr 1 step-time 0.46s wps 6.09K ppl 37.00 gN 5.94 bleu 3.50, Fri Nov 29 02:54:29 2019
  step 3800 lr 1 step-time 0.47s wps 6.06K ppl 36.22 gN 5.95 bleu 3.50, Fri Nov 29 02:55:15 2019
  step 3900 lr 1 step-time 0.47s wps 6.11K ppl 35.74 gN 5.94 bleu 3.50, Fri Nov 29 02:56:02 2019
  step 4000 lr 1 step-time 0.45s wps 6.07K ppl 33.34 gN 6.04 bleu 3.50, Fri Nov 29 02:56:48 2019
# Save eval, global step 4000
  loaded infer model parameters from tmp/nmt_attention_model_VI_s20000_l2_u256/translate.ckpt-4000, time 0.11s
  # 165
    src: &quot; nó là đứa con gái bé bỏng của bà , con hãy hứa rằng sẽ luôn chăm sóc mẹ con nhé &quot;
    ref: She said , &quot; That &apos;s my baby girl , and you have to promise me now you &apos;ll always take care of her . &quot;
    nmt: &quot; It &apos;s the girl of her <unk> , who would be going to be going to be <unk> .
  loaded eval model parameters from tmp/nmt_attention_model_VI_s20000_l2_u256/translate.ckpt-4000, time 0.09s
  eval dev: perplexity 26.47, time 5s, Fri Nov 29 02:56:54 2019.
  eval test: perplexity 27.11, time 5s, Fri Nov 29 02:56:59 2019.
  step 4100 lr 1 step-time 0.46s wps 6.17K ppl 32.31 gN 6.02 bleu 3.50, Fri Nov 29 02:57:45 2019
# Finished an epoch, step 4170. Perform external evaluation
  loaded infer model parameters from tmp/nmt_attention_model_VI_s20000_l2_u256/translate.ckpt-4000, time 0.08s
  # 181
    src: anh ấy nhìn tôi khó chịu , &quot; ồ , anh mong em sẽ không bận tâm quá nhiều về buổi nói chuyện đó của bà ngoại và em &quot;
    ref: Then he looked at me real hard and he said , &quot; Oh , I hope you &apos;re not still hung up on that conversation Mama had with you . &quot;
    nmt: He looked at me , &quot; Well , you &apos;re going to be going to be a lot of time about that . &quot;
  loaded infer model parameters from tmp/nmt_attention_model_VI_s20000_l2_u256/translate.ckpt-4000, time 0.08s
# External evaluation, global step 4000
  decoding to output tmp/nmt_attention_model_VI_s20000_l2_u256/output_dev
  done, num sentences 1553, num translations per input 1, time 20s, Fri Nov 29 02:58:37 2019.
  bleu dev: 9.5
  saving hparams to tmp/nmt_attention_model_VI_s20000_l2_u256/hparams
# External evaluation, global step 4000
  decoding to output tmp/nmt_attention_model_VI_s20000_l2_u256/output_test
  done, num sentences 1268, num translations per input 1, time 18s, Fri Nov 29 02:58:56 2019.
  bleu test: 10.5
  saving hparams to tmp/nmt_attention_model_VI_s20000_l2_u256/hparams
  step 4200 lr 1 step-time 0.49s wps 5.56K ppl 32.46 gN 6.62 bleu 9.54, Fri Nov 29 02:59:14 2019
  step 4300 lr 1 step-time 0.47s wps 6.04K ppl 28.59 gN 6.11 bleu 9.54, Fri Nov 29 03:00:00 2019
  step 4400 lr 1 step-time 0.46s wps 6.09K ppl 28.41 gN 6.07 bleu 9.54, Fri Nov 29 03:00:47 2019
  step 4500 lr 1 step-time 0.45s wps 6.06K ppl 26.52 gN 5.98 bleu 9.54, Fri Nov 29 03:01:32 2019
  step 4600 lr 1 step-time 0.47s wps 6.08K ppl 26.89 gN 6.16 bleu 9.54, Fri Nov 29 03:02:18 2019
  step 4700 lr 1 step-time 0.46s wps 6.12K ppl 26.17 gN 6.16 bleu 9.54, Fri Nov 29 03:03:04 2019
  step 4800 lr 1 step-time 0.46s wps 6.05K ppl 25.90 gN 5.99 bleu 9.54, Fri Nov 29 03:03:51 2019
  step 4900 lr 1 step-time 0.47s wps 6.11K ppl 25.86 gN 6.33 bleu 9.54, Fri Nov 29 03:04:38 2019
  step 5000 lr 1 step-time 0.46s wps 6.05K ppl 24.77 gN 6.04 bleu 9.54, Fri Nov 29 03:05:24 2019
# Save eval, global step 5000
  loaded infer model parameters from tmp/nmt_attention_model_VI_s20000_l2_u256/translate.ckpt-5000, time 0.11s
  # 1338
    src: Và một trong số những điều mà chúng tôi đã làm tôi xin chia sẻ với các bạn một đoạn phim nho nhỏ .
    ref: And one of the things we did I would like to share with you introduced by a little video .
    nmt: And one of the things that we &apos;ve done with you a little kind of <unk> .
  loaded eval model parameters from tmp/nmt_attention_model_VI_s20000_l2_u256/translate.ckpt-5000, time 0.09s
  eval dev: perplexity 22.15, time 5s, Fri Nov 29 03:05:30 2019.
  eval test: perplexity 21.39, time 5s, Fri Nov 29 03:05:35 2019.
  loaded infer model parameters from tmp/nmt_attention_model_VI_s20000_l2_u256/translate.ckpt-5000, time 0.11s
  # 856
    src: Tất cả chúng ta đều muốn là những ngôi sao người nổi tiếng , ca sĩ , diễn viên hài và khi tôi còn trẻ , điều đó có vẻ như rất rất khó thực hiện .
    ref: We all want to be stars -- celebrities , singers , comedians -- and when I was younger , that seemed so very , very hard to do .
    nmt: We all want to be the <unk> <unk> , <unk> , and when I was young , that seems very difficult .
  loaded infer model parameters from tmp/nmt_attention_model_VI_s20000_l2_u256/translate.ckpt-5000, time 0.08s
# External evaluation, global step 5000
  decoding to output tmp/nmt_attention_model_VI_s20000_l2_u256/output_dev
  done, num sentences 1553, num translations per input 1, time 19s, Fri Nov 29 03:05:55 2019.
  bleu dev: 12.1
  saving hparams to tmp/nmt_attention_model_VI_s20000_l2_u256/hparams
# External evaluation, global step 5000
  decoding to output tmp/nmt_attention_model_VI_s20000_l2_u256/output_test
  done, num sentences 1268, num translations per input 1, time 18s, Fri Nov 29 03:06:14 2019.
  bleu test: 13.5
  saving hparams to tmp/nmt_attention_model_VI_s20000_l2_u256/hparams
  step 5100 lr 1 step-time 0.46s wps 6.08K ppl 24.59 gN 6.19 bleu 12.10, Fri Nov 29 03:07:01 2019
